{"/Users/jai/Desktop/projects/CognitivPulse/app/api/billing/create-subscription/route.ts": {"path":"/Users/jai/Desktop/projects/CognitivPulse/app/api/billing/create-subscription/route.ts","statementMap":{"0":{"start":{"line":12,"column":0},"end":{"line":12,"column":7}},"1":{"start":{"line":1,"column":0},"end":{"line":1,"column":55}},"2":{"start":{"line":2,"column":0},"end":{"line":2,"column":58}},"3":{"start":{"line":3,"column":0},"end":{"line":3,"column":44}},"4":{"start":{"line":4,"column":0},"end":{"line":4,"column":23}},"5":{"start":{"line":6,"column":33},"end":{"line":10,"column":2}},"6":{"start":{"line":13,"column":2},"end":{"line":103,"column":3}},"7":{"start":{"line":14,"column":21},"end":{"line":14,"column":41}},"8":{"start":{"line":16,"column":31},"end":{"line":16,"column":60}},"9":{"start":{"line":17,"column":4},"end":{"line":19,"column":5}},"10":{"start":{"line":18,"column":6},"end":{"line":18,"column":null}},"11":{"start":{"line":21,"column":17},"end":{"line":21,"column":37}},"12":{"start":{"line":22,"column":47},"end":{"line":22,"column":83}},"13":{"start":{"line":25,"column":30},"end":{"line":32,"column":15}},"14":{"start":{"line":34,"column":4},"end":{"line":36,"column":5}},"15":{"start":{"line":35,"column":6},"end":{"line":35,"column":null}},"16":{"start":{"line":38,"column":21},"end":{"line":38,"column":60}},"17":{"start":{"line":41,"column":4},"end":{"line":58,"column":5}},"18":{"start":{"line":42,"column":23},"end":{"line":49,"column":8}},"19":{"start":{"line":51,"column":6},"end":{"line":51,"column":null}},"20":{"start":{"line":54,"column":6},"end":{"line":57,"column":null}},"21":{"start":{"line":61,"column":20},"end":{"line":83,"column":6}},"22":{"start":{"line":85,"column":4},"end":{"line":88,"column":null}},"23":{"start":{"line":91,"column":4},"end":{"line":96,"column":5}},"24":{"start":{"line":92,"column":6},"end":{"line":95,"column":null}},"25":{"start":{"line":98,"column":4},"end":{"line":98,"column":null}},"26":{"start":{"line":99,"column":4},"end":{"line":102,"column":null}}},"fnMap":{"0":{"name":"POST","decl":{"start":{"line":12,"column":22},"end":{"line":12,"column":26}},"loc":{"start":{"line":12,"column":47},"end":{"line":104,"column":1}}}},"branchMap":{"0":{"loc":{"start":{"line":17,"column":4},"end":{"line":19,"column":5}},"type":"if","locations":[{"start":{"line":17,"column":4},"end":{"line":19,"column":5}},{"start":{},"end":{}}]},"1":{"loc":{"start":{"line":34,"column":4},"end":{"line":36,"column":5}},"type":"if","locations":[{"start":{"line":34,"column":4},"end":{"line":36,"column":5}},{"start":{},"end":{}}]},"2":{"loc":{"start":{"line":41,"column":4},"end":{"line":58,"column":5}},"type":"if","locations":[{"start":{"line":41,"column":4},"end":{"line":58,"column":5}},{"start":{},"end":{}}]},"3":{"loc":{"start":{"line":91,"column":4},"end":{"line":96,"column":5}},"type":"if","locations":[{"start":{"line":91,"column":4},"end":{"line":96,"column":5}},{"start":{},"end":{}}]}},"s":{"0":1,"1":1,"2":0,"3":0,"4":0,"5":0,"6":0,"7":0,"8":0,"9":0,"10":0,"11":0,"12":0,"13":0,"14":0,"15":0,"16":0,"17":0,"18":0,"19":0,"20":0,"21":0,"22":0,"23":0,"24":0,"25":0,"26":0},"f":{"0":0},"b":{"0":[0,0],"1":[0,0],"2":[0,0],"3":[0,0]}}
,"/Users/jai/Desktop/projects/CognitivPulse/app/api/billing/portal/route.ts": {"path":"/Users/jai/Desktop/projects/CognitivPulse/app/api/billing/portal/route.ts","statementMap":{"0":{"start":{"line":5,"column":0},"end":{"line":5,"column":7}},"1":{"start":{"line":1,"column":0},"end":{"line":1,"column":55}},"2":{"start":{"line":2,"column":0},"end":{"line":2,"column":58}},"3":{"start":{"line":3,"column":0},"end":{"line":3,"column":44}},"4":{"start":{"line":6,"column":2},"end":{"line":46,"column":3}},"5":{"start":{"line":7,"column":21},"end":{"line":7,"column":41}},"6":{"start":{"line":9,"column":31},"end":{"line":9,"column":60}},"7":{"start":{"line":10,"column":4},"end":{"line":12,"column":5}},"8":{"start":{"line":11,"column":6},"end":{"line":11,"column":null}},"9":{"start":{"line":14,"column":26},"end":{"line":14,"column":46}},"10":{"start":{"line":17,"column":30},"end":{"line":23,"column":15}},"11":{"start":{"line":25,"column":4},"end":{"line":30,"column":5}},"12":{"start":{"line":26,"column":6},"end":{"line":29,"column":null}},"13":{"start":{"line":33,"column":20},"end":{"line":36,"column":6}},"14":{"start":{"line":38,"column":4},"end":{"line":38,"column":null}},"15":{"start":{"line":41,"column":4},"end":{"line":41,"column":null}},"16":{"start":{"line":42,"column":4},"end":{"line":45,"column":null}}},"fnMap":{"0":{"name":"POST","decl":{"start":{"line":5,"column":22},"end":{"line":5,"column":26}},"loc":{"start":{"line":5,"column":47},"end":{"line":47,"column":1}}}},"branchMap":{"0":{"loc":{"start":{"line":10,"column":4},"end":{"line":12,"column":5}},"type":"if","locations":[{"start":{"line":10,"column":4},"end":{"line":12,"column":5}},{"start":{},"end":{}}]},"1":{"loc":{"start":{"line":25,"column":4},"end":{"line":30,"column":5}},"type":"if","locations":[{"start":{"line":25,"column":4},"end":{"line":30,"column":5}},{"start":{},"end":{}}]},"2":{"loc":{"start":{"line":35,"column":18},"end":{"line":35,"column":86}},"type":"binary-expr","locations":[{"start":{"line":35,"column":18},"end":{"line":35,"column":27}},{"start":{"line":35,"column":31},"end":{"line":35,"column":86}}]}},"s":{"0":0,"1":0,"2":0,"3":0,"4":0,"5":0,"6":0,"7":0,"8":0,"9":0,"10":0,"11":0,"12":0,"13":0,"14":0,"15":0,"16":0},"f":{"0":0},"b":{"0":[0,0],"1":[0,0],"2":[0,0]}}
,"/Users/jai/Desktop/projects/CognitivPulse/app/api/campaigns/route.ts": {"path":"/Users/jai/Desktop/projects/CognitivPulse/app/api/campaigns/route.ts","statementMap":{"0":{"start":{"line":13,"column":0},"end":{"line":13,"column":7}},"1":{"start":{"line":55,"column":0},"end":{"line":55,"column":7}},"2":{"start":{"line":1,"column":0},"end":{"line":1,"column":55}},"3":{"start":{"line":2,"column":0},"end":{"line":2,"column":58}},"4":{"start":{"line":3,"column":0},"end":{"line":3,"column":23}},"5":{"start":{"line":5,"column":29},"end":{"line":11,"column":2}},"6":{"start":{"line":14,"column":2},"end":{"line":52,"column":3}},"7":{"start":{"line":15,"column":21},"end":{"line":15,"column":41}},"8":{"start":{"line":17,"column":31},"end":{"line":17,"column":60}},"9":{"start":{"line":18,"column":4},"end":{"line":20,"column":5}},"10":{"start":{"line":19,"column":6},"end":{"line":19,"column":null}},"11":{"start":{"line":23,"column":30},"end":{"line":27,"column":15}},"12":{"start":{"line":29,"column":4},"end":{"line":31,"column":5}},"13":{"start":{"line":30,"column":6},"end":{"line":30,"column":null}},"14":{"start":{"line":34,"column":39},"end":{"line":41,"column":48}},"15":{"start":{"line":43,"column":4},"end":{"line":43,"column":null}},"16":{"start":{"line":43,"column":15},"end":{"line":43,"column":null}},"17":{"start":{"line":45,"column":4},"end":{"line":45,"column":null}},"18":{"start":{"line":47,"column":4},"end":{"line":47,"column":null}},"19":{"start":{"line":48,"column":4},"end":{"line":51,"column":null}},"20":{"start":{"line":56,"column":2},"end":{"line":126,"column":3}},"21":{"start":{"line":57,"column":21},"end":{"line":57,"column":41}},"22":{"start":{"line":59,"column":31},"end":{"line":59,"column":60}},"23":{"start":{"line":60,"column":4},"end":{"line":62,"column":5}},"24":{"start":{"line":61,"column":6},"end":{"line":61,"column":null}},"25":{"start":{"line":64,"column":17},"end":{"line":64,"column":37}},"26":{"start":{"line":65,"column":26},"end":{"line":65,"column":58}},"27":{"start":{"line":68,"column":30},"end":{"line":72,"column":15}},"28":{"start":{"line":74,"column":4},"end":{"line":76,"column":5}},"29":{"start":{"line":75,"column":6},"end":{"line":75,"column":null}},"30":{"start":{"line":79,"column":53},"end":{"line":91,"column":15}},"31":{"start":{"line":93,"column":4},"end":{"line":93,"column":null}},"32":{"start":{"line":93,"column":23},"end":{"line":93,"column":null}},"33":{"start":{"line":96,"column":23},"end":{"line":99,"column":7}},"34":{"start":{"line":96,"column":66},"end":{"line":99,"column":6}},"35":{"start":{"line":101,"column":39},"end":{"line":103,"column":25}},"36":{"start":{"line":105,"column":4},"end":{"line":105,"column":null}},"37":{"start":{"line":105,"column":25},"end":{"line":105,"column":null}},"38":{"start":{"line":108,"column":4},"end":{"line":110,"column":5}},"39":{"start":{"line":109,"column":6},"end":{"line":109,"column":null}},"40":{"start":{"line":112,"column":4},"end":{"line":112,"column":null}},"41":{"start":{"line":114,"column":4},"end":{"line":119,"column":5}},"42":{"start":{"line":115,"column":6},"end":{"line":118,"column":null}},"43":{"start":{"line":121,"column":4},"end":{"line":121,"column":null}},"44":{"start":{"line":122,"column":4},"end":{"line":125,"column":null}},"45":{"start":{"line":132,"column":2},"end":{"line":132,"column":null}}},"fnMap":{"0":{"name":"GET","decl":{"start":{"line":13,"column":22},"end":{"line":13,"column":25}},"loc":{"start":{"line":13,"column":46},"end":{"line":53,"column":1}}},"1":{"name":"POST","decl":{"start":{"line":55,"column":22},"end":{"line":55,"column":26}},"loc":{"start":{"line":55,"column":47},"end":{"line":127,"column":1}}},"2":{"name":"(anonymous_2)","decl":{"start":{"line":96,"column":52},"end":{"line":96,"column":61}},"loc":{"start":{"line":96,"column":66},"end":{"line":99,"column":6}}},"3":{"name":"addToEmailQueue","decl":{"start":{"line":129,"column":15},"end":{"line":129,"column":30}},"loc":{"start":{"line":129,"column":70},"end":{"line":133,"column":1}}}},"branchMap":{"0":{"loc":{"start":{"line":18,"column":4},"end":{"line":20,"column":5}},"type":"if","locations":[{"start":{"line":18,"column":4},"end":{"line":20,"column":5}},{"start":{},"end":{}}]},"1":{"loc":{"start":{"line":29,"column":4},"end":{"line":31,"column":5}},"type":"if","locations":[{"start":{"line":29,"column":4},"end":{"line":31,"column":5}},{"start":{},"end":{}}]},"2":{"loc":{"start":{"line":43,"column":4},"end":{"line":43,"column":null}},"type":"if","locations":[{"start":{"line":43,"column":4},"end":{"line":43,"column":null}},{"start":{},"end":{}}]},"3":{"loc":{"start":{"line":60,"column":4},"end":{"line":62,"column":5}},"type":"if","locations":[{"start":{"line":60,"column":4},"end":{"line":62,"column":5}},{"start":{},"end":{}}]},"4":{"loc":{"start":{"line":74,"column":4},"end":{"line":76,"column":5}},"type":"if","locations":[{"start":{"line":74,"column":4},"end":{"line":76,"column":5}},{"start":{},"end":{}}]},"5":{"loc":{"start":{"line":88,"column":16},"end":{"line":88,"column":65}},"type":"cond-expr","locations":[{"start":{"line":88,"column":44},"end":{"line":88,"column":55}},{"start":{"line":88,"column":58},"end":{"line":88,"column":65}}]},"6":{"loc":{"start":{"line":93,"column":4},"end":{"line":93,"column":null}},"type":"if","locations":[{"start":{"line":93,"column":4},"end":{"line":93,"column":null}},{"start":{},"end":{}}]},"7":{"loc":{"start":{"line":105,"column":4},"end":{"line":105,"column":null}},"type":"if","locations":[{"start":{"line":105,"column":4},"end":{"line":105,"column":null}},{"start":{},"end":{}}]},"8":{"loc":{"start":{"line":108,"column":4},"end":{"line":110,"column":5}},"type":"if","locations":[{"start":{"line":108,"column":4},"end":{"line":110,"column":5}},{"start":{},"end":{}}]},"9":{"loc":{"start":{"line":114,"column":4},"end":{"line":119,"column":5}},"type":"if","locations":[{"start":{"line":114,"column":4},"end":{"line":119,"column":5}},{"start":{},"end":{}}]}},"s":{"0":0,"1":0,"2":0,"3":0,"4":0,"5":0,"6":0,"7":0,"8":0,"9":0,"10":0,"11":0,"12":0,"13":0,"14":0,"15":0,"16":0,"17":0,"18":0,"19":0,"20":0,"21":0,"22":0,"23":0,"24":0,"25":0,"26":0,"27":0,"28":0,"29":0,"30":0,"31":0,"32":0,"33":0,"34":0,"35":0,"36":0,"37":0,"38":0,"39":0,"40":0,"41":0,"42":0,"43":0,"44":0,"45":0},"f":{"0":0,"1":0,"2":0,"3":0},"b":{"0":[0,0],"1":[0,0],"2":[0,0],"3":[0,0],"4":[0,0],"5":[0,0],"6":[0,0],"7":[0,0],"8":[0,0],"9":[0,0]}}
,"/Users/jai/Desktop/projects/CognitivPulse/app/api/social/posts/route.ts": {"path":"/Users/jai/Desktop/projects/CognitivPulse/app/api/social/posts/route.ts","statementMap":{"0":{"start":{"line":14,"column":0},"end":{"line":14,"column":7}},"1":{"start":{"line":1,"column":0},"end":{"line":1,"column":55}},"2":{"start":{"line":2,"column":0},"end":{"line":2,"column":58}},"3":{"start":{"line":3,"column":0},"end":{"line":3,"column":23}},"4":{"start":{"line":4,"column":0},"end":{"line":4,"column":65}},"5":{"start":{"line":6,"column":25},"end":{"line":12,"column":2}},"6":{"start":{"line":15,"column":2},"end":{"line":86,"column":3}},"7":{"start":{"line":16,"column":21},"end":{"line":16,"column":41}},"8":{"start":{"line":18,"column":31},"end":{"line":18,"column":60}},"9":{"start":{"line":19,"column":4},"end":{"line":21,"column":5}},"10":{"start":{"line":20,"column":6},"end":{"line":20,"column":null}},"11":{"start":{"line":23,"column":17},"end":{"line":23,"column":37}},"12":{"start":{"line":24,"column":26},"end":{"line":24,"column":54}},"13":{"start":{"line":27,"column":30},"end":{"line":31,"column":15}},"14":{"start":{"line":33,"column":4},"end":{"line":35,"column":5}},"15":{"start":{"line":34,"column":6},"end":{"line":34,"column":null}},"16":{"start":{"line":38,"column":18},"end":{"line":38,"column":20}},"17":{"start":{"line":40,"column":4},"end":{"line":59,"column":5}},"18":{"start":{"line":41,"column":36},"end":{"line":55,"column":17}},"19":{"start":{"line":57,"column":6},"end":{"line":57,"column":null}},"20":{"start":{"line":57,"column":17},"end":{"line":57,"column":null}},"21":{"start":{"line":58,"column":6},"end":{"line":58,"column":null}},"22":{"start":{"line":62,"column":4},"end":{"line":70,"column":5}},"23":{"start":{"line":63,"column":6},"end":{"line":69,"column":7}},"24":{"start":{"line":64,"column":8},"end":{"line":68,"column":9}},"25":{"start":{"line":65,"column":10},"end":{"line":65,"column":null}},"26":{"start":{"line":67,"column":10},"end":{"line":67,"column":null}},"27":{"start":{"line":72,"column":4},"end":{"line":72,"column":null}},"28":{"start":{"line":74,"column":4},"end":{"line":79,"column":5}},"29":{"start":{"line":75,"column":6},"end":{"line":78,"column":null}},"30":{"start":{"line":81,"column":4},"end":{"line":81,"column":null}},"31":{"start":{"line":82,"column":4},"end":{"line":85,"column":null}}},"fnMap":{"0":{"name":"POST","decl":{"start":{"line":14,"column":22},"end":{"line":14,"column":26}},"loc":{"start":{"line":14,"column":47},"end":{"line":87,"column":1}}}},"branchMap":{"0":{"loc":{"start":{"line":19,"column":4},"end":{"line":21,"column":5}},"type":"if","locations":[{"start":{"line":19,"column":4},"end":{"line":21,"column":5}},{"start":{},"end":{}}]},"1":{"loc":{"start":{"line":33,"column":4},"end":{"line":35,"column":5}},"type":"if","locations":[{"start":{"line":33,"column":4},"end":{"line":35,"column":5}},{"start":{},"end":{}}]},"2":{"loc":{"start":{"line":47,"column":22},"end":{"line":47,"column":51}},"type":"binary-expr","locations":[{"start":{"line":47,"column":22},"end":{"line":47,"column":45}},{"start":{"line":47,"column":49},"end":{"line":47,"column":51}}]},"3":{"loc":{"start":{"line":49,"column":18},"end":{"line":49,"column":67}},"type":"cond-expr","locations":[{"start":{"line":49,"column":46},"end":{"line":49,"column":57}},{"start":{"line":49,"column":60},"end":{"line":49,"column":67}}]},"4":{"loc":{"start":{"line":57,"column":6},"end":{"line":57,"column":null}},"type":"if","locations":[{"start":{"line":57,"column":6},"end":{"line":57,"column":null}},{"start":{},"end":{}}]},"5":{"loc":{"start":{"line":62,"column":4},"end":{"line":70,"column":5}},"type":"if","locations":[{"start":{"line":62,"column":4},"end":{"line":70,"column":5}},{"start":{},"end":{}}]},"6":{"loc":{"start":{"line":74,"column":4},"end":{"line":79,"column":5}},"type":"if","locations":[{"start":{"line":74,"column":4},"end":{"line":79,"column":5}},{"start":{},"end":{}}]}},"s":{"0":0,"1":0,"2":0,"3":0,"4":0,"5":0,"6":0,"7":0,"8":0,"9":0,"10":0,"11":0,"12":0,"13":0,"14":0,"15":0,"16":0,"17":0,"18":0,"19":0,"20":0,"21":0,"22":0,"23":0,"24":0,"25":0,"26":0,"27":0,"28":0,"29":0,"30":0,"31":0},"f":{"0":0},"b":{"0":[0,0],"1":[0,0],"2":[0,0],"3":[0,0],"4":[0,0],"5":[0,0],"6":[0,0]}}
,"/Users/jai/Desktop/projects/CognitivPulse/app/api/webhooks/stripe/route.ts": {"path":"/Users/jai/Desktop/projects/CognitivPulse/app/api/webhooks/stripe/route.ts","statementMap":{"0":{"start":{"line":7,"column":0},"end":{"line":7,"column":7}},"1":{"start":{"line":1,"column":0},"end":{"line":1,"column":55}},"2":{"start":{"line":2,"column":0},"end":{"line":2,"column":38}},"3":{"start":{"line":3,"column":0},"end":{"line":3,"column":44}},"4":{"start":{"line":4,"column":0},"end":{"line":4,"column":57}},"5":{"start":{"line":8,"column":15},"end":{"line":8,"column":35}},"6":{"start":{"line":9,"column":20},"end":{"line":9,"column":62}},"7":{"start":{"line":13,"column":2},"end":{"line":25,"column":3}},"8":{"start":{"line":14,"column":4},"end":{"line":18,"column":null}},"9":{"start":{"line":20,"column":4},"end":{"line":20,"column":null}},"10":{"start":{"line":21,"column":4},"end":{"line":24,"column":null}},"11":{"start":{"line":27,"column":19},"end":{"line":27,"column":38}},"12":{"start":{"line":29,"column":2},"end":{"line":74,"column":3}},"13":{"start":{"line":30,"column":4},"end":{"line":64,"column":5}},"14":{"start":{"line":32,"column":24},"end":{"line":32,"column":68}},"15":{"start":{"line":33,"column":8},"end":{"line":33,"column":null}},"16":{"start":{"line":34,"column":8},"end":{"line":34,"column":13}},"17":{"start":{"line":39,"column":29},"end":{"line":39,"column":69}},"18":{"start":{"line":40,"column":8},"end":{"line":40,"column":null}},"19":{"start":{"line":41,"column":8},"end":{"line":41,"column":13}},"20":{"start":{"line":45,"column":29},"end":{"line":45,"column":69}},"21":{"start":{"line":46,"column":8},"end":{"line":46,"column":null}},"22":{"start":{"line":47,"column":8},"end":{"line":47,"column":13}},"23":{"start":{"line":51,"column":24},"end":{"line":51,"column":59}},"24":{"start":{"line":52,"column":8},"end":{"line":52,"column":null}},"25":{"start":{"line":53,"column":8},"end":{"line":53,"column":13}},"26":{"start":{"line":57,"column":24},"end":{"line":57,"column":59}},"27":{"start":{"line":58,"column":8},"end":{"line":58,"column":null}},"28":{"start":{"line":59,"column":8},"end":{"line":59,"column":13}},"29":{"start":{"line":63,"column":8},"end":{"line":63,"column":null}},"30":{"start":{"line":66,"column":4},"end":{"line":66,"column":null}},"31":{"start":{"line":69,"column":4},"end":{"line":69,"column":null}},"32":{"start":{"line":70,"column":4},"end":{"line":73,"column":null}},"33":{"start":{"line":78,"column":25},"end":{"line":78,"column":57}},"34":{"start":{"line":79,"column":2},"end":{"line":79,"column":29}},"35":{"start":{"line":79,"column":23},"end":{"line":79,"column":29}},"36":{"start":{"line":81,"column":23},"end":{"line":81,"column":90}},"37":{"start":{"line":83,"column":2},"end":{"line":90,"column":null}},"38":{"start":{"line":94,"column":25},"end":{"line":94,"column":61}},"39":{"start":{"line":95,"column":2},"end":{"line":95,"column":29}},"40":{"start":{"line":95,"column":23},"end":{"line":95,"column":29}},"41":{"start":{"line":97,"column":2},"end":{"line":103,"column":null}},"42":{"start":{"line":107,"column":25},"end":{"line":107,"column":61}},"43":{"start":{"line":108,"column":2},"end":{"line":108,"column":29}},"44":{"start":{"line":108,"column":23},"end":{"line":108,"column":29}},"45":{"start":{"line":110,"column":2},"end":{"line":116,"column":null}},"46":{"start":{"line":121,"column":26},"end":{"line":121,"column":88}},"47":{"start":{"line":122,"column":2},"end":{"line":122,"column":29}},"48":{"start":{"line":122,"column":23},"end":{"line":122,"column":29}},"49":{"start":{"line":124,"column":2},"end":{"line":130,"column":null}},"50":{"start":{"line":135,"column":26},"end":{"line":135,"column":88}},"51":{"start":{"line":136,"column":2},"end":{"line":136,"column":29}},"52":{"start":{"line":136,"column":23},"end":{"line":136,"column":29}},"53":{"start":{"line":138,"column":2},"end":{"line":144,"column":null}},"54":{"start":{"line":148,"column":45},"end":{"line":152,"column":null}},"55":{"start":{"line":153,"column":2},"end":{"line":153,"column":null}}},"fnMap":{"0":{"name":"POST","decl":{"start":{"line":7,"column":22},"end":{"line":7,"column":26}},"loc":{"start":{"line":7,"column":47},"end":{"line":75,"column":1}}},"1":{"name":"handleCheckoutCompleted","decl":{"start":{"line":77,"column":15},"end":{"line":77,"column":38}},"loc":{"start":{"line":77,"column":86},"end":{"line":91,"column":1}}},"2":{"name":"handleSubscriptionUpdated","decl":{"start":{"line":93,"column":15},"end":{"line":93,"column":40}},"loc":{"start":{"line":93,"column":89},"end":{"line":104,"column":1}}},"3":{"name":"handleSubscriptionDeleted","decl":{"start":{"line":106,"column":15},"end":{"line":106,"column":40}},"loc":{"start":{"line":106,"column":89},"end":{"line":117,"column":1}}},"4":{"name":"handlePaymentSucceeded","decl":{"start":{"line":119,"column":15},"end":{"line":119,"column":37}},"loc":{"start":{"line":119,"column":76},"end":{"line":131,"column":1}}},"5":{"name":"handlePaymentFailed","decl":{"start":{"line":133,"column":15},"end":{"line":133,"column":34}},"loc":{"start":{"line":133,"column":73},"end":{"line":145,"column":1}}},"6":{"name":"getPlanFromPriceId","decl":{"start":{"line":147,"column":9},"end":{"line":147,"column":27}},"loc":{"start":{"line":147,"column":43},"end":{"line":154,"column":1}}}},"branchMap":{"0":{"loc":{"start":{"line":30,"column":4},"end":{"line":64,"column":5}},"type":"switch","locations":[{"start":{"line":31,"column":6},"end":{"line":35,"column":7}},{"start":{"line":37,"column":6},"end":{"line":37,"column":43}},{"start":{"line":38,"column":6},"end":{"line":42,"column":7}},{"start":{"line":44,"column":6},"end":{"line":48,"column":7}},{"start":{"line":50,"column":6},"end":{"line":54,"column":7}},{"start":{"line":56,"column":6},"end":{"line":60,"column":7}},{"start":{"line":62,"column":6},"end":{"line":63,"column":null}}]},"1":{"loc":{"start":{"line":79,"column":2},"end":{"line":79,"column":29}},"type":"if","locations":[{"start":{"line":79,"column":2},"end":{"line":79,"column":29}},{"start":{},"end":{}}]},"2":{"loc":{"start":{"line":95,"column":2},"end":{"line":95,"column":29}},"type":"if","locations":[{"start":{"line":95,"column":2},"end":{"line":95,"column":29}},{"start":{},"end":{}}]},"3":{"loc":{"start":{"line":108,"column":2},"end":{"line":108,"column":29}},"type":"if","locations":[{"start":{"line":108,"column":2},"end":{"line":108,"column":29}},{"start":{},"end":{}}]},"4":{"loc":{"start":{"line":122,"column":2},"end":{"line":122,"column":29}},"type":"if","locations":[{"start":{"line":122,"column":2},"end":{"line":122,"column":29}},{"start":{},"end":{}}]},"5":{"loc":{"start":{"line":136,"column":2},"end":{"line":136,"column":29}},"type":"if","locations":[{"start":{"line":136,"column":2},"end":{"line":136,"column":29}},{"start":{},"end":{}}]},"6":{"loc":{"start":{"line":153,"column":9},"end":{"line":153,"column":35}},"type":"binary-expr","locations":[{"start":{"line":153,"column":9},"end":{"line":153,"column":25}},{"start":{"line":153,"column":29},"end":{"line":153,"column":35}}]}},"s":{"0":0,"1":0,"2":0,"3":0,"4":0,"5":0,"6":0,"7":0,"8":0,"9":0,"10":0,"11":0,"12":0,"13":0,"14":0,"15":0,"16":0,"17":0,"18":0,"19":0,"20":0,"21":0,"22":0,"23":0,"24":0,"25":0,"26":0,"27":0,"28":0,"29":0,"30":0,"31":0,"32":0,"33":0,"34":0,"35":0,"36":0,"37":0,"38":0,"39":0,"40":0,"41":0,"42":0,"43":0,"44":0,"45":0,"46":0,"47":0,"48":0,"49":0,"50":0,"51":0,"52":0,"53":0,"54":0,"55":0},"f":{"0":0,"1":0,"2":0,"3":0,"4":0,"5":0,"6":0},"b":{"0":[0,0,0,0,0,0,0],"1":[0,0],"2":[0,0],"3":[0,0],"4":[0,0],"5":[0,0],"6":[0,0]}}
,"/Users/jai/Desktop/projects/CognitivPulse/components/analytics/dashboard.tsx": {"path":"/Users/jai/Desktop/projects/CognitivPulse/components/analytics/dashboard.tsx","statementMap":{"0":{"start":{"line":11,"column":0},"end":{"line":11,"column":16}},"1":{"start":{"line":3,"column":0},"end":{"line":3,"column":43}},"2":{"start":{"line":4,"column":0},"end":{"line":4,"column":79}},"3":{"start":{"line":5,"column":0},"end":{"line":5,"column":79}},"4":{"start":{"line":6,"column":0},"end":{"line":6,"column":102}},"5":{"start":{"line":7,"column":0},"end":{"line":7,"column":154}},"6":{"start":{"line":8,"column":0},"end":{"line":8,"column":59}},"7":{"start":{"line":9,"column":0},"end":{"line":9,"column":52}},"8":{"start":{"line":12,"column":36},"end":{"line":12,"column":50}},"9":{"start":{"line":13,"column":30},"end":{"line":13,"column":44}},"10":{"start":{"line":15,"column":19},"end":{"line":44,"column":null}},"11":{"start":{"line":46,"column":2},"end":{"line":48,"column":3}},"12":{"start":{"line":47,"column":4},"end":{"line":47,"column":null}},"13":{"start":{"line":50,"column":2},"end":{"line":238,"column":null}},"14":{"start":{"line":69,"column":10},"end":{"line":69,"column":null}},"15":{"start":{"line":123,"column":52},"end":{"line":123,"column":120}},"16":{"start":{"line":129,"column":24},"end":{"line":129,"column":52}}},"fnMap":{"0":{"name":"AnalyticsDashboard","decl":{"start":{"line":11,"column":16},"end":{"line":11,"column":34}},"loc":{"start":{"line":11,"column":34},"end":{"line":239,"column":1}}},"1":{"name":"(anonymous_1)","decl":{"start":{"line":68,"column":22},"end":{"line":68,"column":23}},"loc":{"start":{"line":69,"column":10},"end":{"line":69,"column":null}}},"2":{"name":"(anonymous_2)","decl":{"start":{"line":123,"column":29},"end":{"line":123,"column":30}},"loc":{"start":{"line":123,"column":52},"end":{"line":123,"column":120}}},"3":{"name":"(anonymous_3)","decl":{"start":{"line":128,"column":56},"end":{"line":128,"column":57}},"loc":{"start":{"line":129,"column":24},"end":{"line":129,"column":52}}}},"branchMap":{"0":{"loc":{"start":{"line":18,"column":13},"end":{"line":18,"column":37}},"type":"binary-expr","locations":[{"start":{"line":18,"column":13},"end":{"line":18,"column":32}},{"start":{"line":18,"column":36},"end":{"line":18,"column":37}}]},"1":{"loc":{"start":{"line":25,"column":13},"end":{"line":25,"column":34}},"type":"binary-expr","locations":[{"start":{"line":25,"column":13},"end":{"line":25,"column":29}},{"start":{"line":25,"column":33},"end":{"line":25,"column":34}}]},"2":{"loc":{"start":{"line":32,"column":13},"end":{"line":32,"column":33}},"type":"binary-expr","locations":[{"start":{"line":32,"column":13},"end":{"line":32,"column":28}},{"start":{"line":32,"column":32},"end":{"line":32,"column":33}}]},"3":{"loc":{"start":{"line":39,"column":16},"end":{"line":39,"column":36}},"type":"binary-expr","locations":[{"start":{"line":39,"column":16},"end":{"line":39,"column":31}},{"start":{"line":39,"column":35},"end":{"line":39,"column":36}}]},"4":{"loc":{"start":{"line":46,"column":2},"end":{"line":48,"column":3}},"type":"if","locations":[{"start":{"line":46,"column":2},"end":{"line":48,"column":3}},{"start":{},"end":{}}]},"5":{"loc":{"start":{"line":100,"column":35},"end":{"line":100,"column":58}},"type":"binary-expr","locations":[{"start":{"line":100,"column":35},"end":{"line":100,"column":52}},{"start":{"line":100,"column":56},"end":{"line":100,"column":58}}]},"6":{"loc":{"start":{"line":119,"column":28},"end":{"line":119,"column":54}},"type":"binary-expr","locations":[{"start":{"line":119,"column":28},"end":{"line":119,"column":48}},{"start":{"line":119,"column":52},"end":{"line":119,"column":54}}]},"7":{"loc":{"start":{"line":123,"column":63},"end":{"line":123,"column":117}},"type":"cond-expr","locations":[{"start":{"line":123,"column":87},"end":{"line":123,"column":113}},{"start":{"line":123,"column":116},"end":{"line":123,"column":117}}]},"8":{"loc":{"start":{"line":128,"column":24},"end":{"line":128,"column":50}},"type":"binary-expr","locations":[{"start":{"line":128,"column":24},"end":{"line":128,"column":44}},{"start":{"line":128,"column":48},"end":{"line":128,"column":50}}]},"9":{"loc":{"start":{"line":145,"column":32},"end":{"line":145,"column":60}},"type":"binary-expr","locations":[{"start":{"line":145,"column":32},"end":{"line":145,"column":54}},{"start":{"line":145,"column":58},"end":{"line":145,"column":60}}]},"10":{"loc":{"start":{"line":165,"column":35},"end":{"line":165,"column":63}},"type":"binary-expr","locations":[{"start":{"line":165,"column":35},"end":{"line":165,"column":57}},{"start":{"line":165,"column":61},"end":{"line":165,"column":63}}]},"11":{"loc":{"start":{"line":184,"column":34},"end":{"line":184,"column":65}},"type":"binary-expr","locations":[{"start":{"line":184,"column":34},"end":{"line":184,"column":59}},{"start":{"line":184,"column":63},"end":{"line":184,"column":65}}]},"12":{"loc":{"start":{"line":205,"column":35},"end":{"line":205,"column":63}},"type":"binary-expr","locations":[{"start":{"line":205,"column":35},"end":{"line":205,"column":57}},{"start":{"line":205,"column":61},"end":{"line":205,"column":63}}]},"13":{"loc":{"start":{"line":224,"column":34},"end":{"line":224,"column":57}},"type":"binary-expr","locations":[{"start":{"line":224,"column":34},"end":{"line":224,"column":51}},{"start":{"line":224,"column":55},"end":{"line":224,"column":57}}]}},"s":{"0":0,"1":0,"2":0,"3":0,"4":0,"5":0,"6":0,"7":0,"8":0,"9":0,"10":0,"11":0,"12":0,"13":0,"14":0,"15":0,"16":0},"f":{"0":0,"1":0,"2":0,"3":0},"b":{"0":[0,0],"1":[0,0],"2":[0,0],"3":[0,0],"4":[0,0],"5":[0,0],"6":[0,0],"7":[0,0],"8":[0,0],"9":[0,0],"10":[0,0],"11":[0,0],"12":[0,0],"13":[0,0]}}
,"/Users/jai/Desktop/projects/CognitivPulse/components/automation/workflow-builder.tsx": {"path":"/Users/jai/Desktop/projects/CognitivPulse/components/automation/workflow-builder.tsx","statementMap":{"0":{"start":{"line":34,"column":0},"end":{"line":34,"column":16}},"1":{"start":{"line":3,"column":0},"end":{"line":3,"column":45}},"2":{"start":{"line":5,"column":0},"end":{"line":5,"column":79}},"3":{"start":{"line":6,"column":0},"end":{"line":6,"column":47}},"4":{"start":{"line":7,"column":0},"end":{"line":7,"column":45}},"5":{"start":{"line":8,"column":0},"end":{"line":8,"column":45}},"6":{"start":{"line":9,"column":0},"end":{"line":9,"column":102}},"7":{"start":{"line":11,"column":0},"end":{"line":11,"column":45}},"8":{"start":{"line":12,"column":0},"end":{"line":12,"column":null}},"9":{"start":{"line":35,"column":34},"end":{"line":40,"column":4}},"10":{"start":{"line":42,"column":42},"end":{"line":42,"column":71}},"11":{"start":{"line":44,"column":20},"end":{"line":81,"column":null}},"12":{"start":{"line":83,"column":18},"end":{"line":97,"column":3}},"13":{"start":{"line":84,"column":34},"end":{"line":91,"column":null}},"14":{"start":{"line":93,"column":4},"end":{"line":96,"column":null}},"15":{"start":{"line":93,"column":25},"end":{"line":96,"column":6}},"16":{"start":{"line":99,"column":21},"end":{"line":106,"column":3}},"17":{"start":{"line":100,"column":4},"end":{"line":105,"column":null}},"18":{"start":{"line":100,"column":25},"end":{"line":105,"column":6}},"19":{"start":{"line":103,"column":8},"end":{"line":103,"column":59}},"20":{"start":{"line":108,"column":21},"end":{"line":114,"column":3}},"21":{"start":{"line":109,"column":4},"end":{"line":112,"column":null}},"22":{"start":{"line":109,"column":25},"end":{"line":112,"column":6}},"23":{"start":{"line":111,"column":39},"end":{"line":111,"column":57}},"24":{"start":{"line":113,"column":4},"end":{"line":113,"column":null}},"25":{"start":{"line":116,"column":23},"end":{"line":119,"column":3}},"26":{"start":{"line":118,"column":4},"end":{"line":118,"column":null}},"27":{"start":{"line":121,"column":27},"end":{"line":121,"column":80}},"28":{"start":{"line":121,"column":55},"end":{"line":121,"column":79}},"29":{"start":{"line":123,"column":2},"end":{"line":229,"column":null}},"30":{"start":{"line":130,"column":12},"end":{"line":131,"column":null}},"31":{"start":{"line":134,"column":29},"end":{"line":134,"column":51}},"32":{"start":{"line":155,"column":31},"end":{"line":155,"column":87}},"33":{"start":{"line":155,"column":52},"end":{"line":155,"column":85}},"34":{"start":{"line":166,"column":29},"end":{"line":166,"column":89}},"35":{"start":{"line":166,"column":50},"end":{"line":166,"column":87}},"36":{"start":{"line":182,"column":12},"end":{"line":183,"column":null}},"37":{"start":{"line":191,"column":29},"end":{"line":191,"column":53}},"38":{"start":{"line":193,"column":60},"end":{"line":193,"column":79}},"39":{"start":{"line":216,"column":29},"end":{"line":216,"column":54}},"40":{"start":{"line":224,"column":35},"end":{"line":224,"column":69}},"41":{"start":{"line":239,"column":19},"end":{"line":239,"column":66}},"42":{"start":{"line":239,"column":39},"end":{"line":239,"column":65}},"43":{"start":{"line":241,"column":2},"end":{"line":261,"column":null}},"44":{"start":{"line":271,"column":21},"end":{"line":278,"column":3}},"45":{"start":{"line":272,"column":4},"end":{"line":277,"column":null}},"46":{"start":{"line":280,"column":2},"end":{"line":350,"column":3}},"47":{"start":{"line":282,"column":6},"end":{"line":318,"column":null}},"48":{"start":{"line":288,"column":40},"end":{"line":288,"column":71}},"49":{"start":{"line":304,"column":31},"end":{"line":304,"column":68}},"50":{"start":{"line":314,"column":31},"end":{"line":314,"column":76}},"51":{"start":{"line":321,"column":6},"end":{"line":332,"column":null}},"52":{"start":{"line":327,"column":31},"end":{"line":327,"column":105}},"53":{"start":{"line":327,"column":95},"end":{"line":327,"column":103}},"54":{"start":{"line":335,"column":6},"end":{"line":346,"column":null}},"55":{"start":{"line":342,"column":31},"end":{"line":342,"column":79}},"56":{"start":{"line":349,"column":6},"end":{"line":349,"column":null}},"57":{"start":{"line":354,"column":2},"end":{"line":365,"column":3}},"58":{"start":{"line":356,"column":6},"end":{"line":356,"column":null}},"59":{"start":{"line":358,"column":6},"end":{"line":358,"column":null}},"60":{"start":{"line":360,"column":6},"end":{"line":360,"column":null}},"61":{"start":{"line":362,"column":6},"end":{"line":362,"column":null}},"62":{"start":{"line":364,"column":6},"end":{"line":364,"column":null}},"63":{"start":{"line":369,"column":2},"end":{"line":378,"column":3}},"64":{"start":{"line":371,"column":6},"end":{"line":371,"column":null}},"65":{"start":{"line":373,"column":6},"end":{"line":373,"column":null}},"66":{"start":{"line":375,"column":6},"end":{"line":375,"column":null}},"67":{"start":{"line":377,"column":6},"end":{"line":377,"column":null}},"68":{"start":{"line":381,"column":18},"end":{"line":388,"column":null}}},"fnMap":{"0":{"name":"WorkflowBuilder","decl":{"start":{"line":34,"column":16},"end":{"line":34,"column":31}},"loc":{"start":{"line":34,"column":31},"end":{"line":230,"column":1}}},"1":{"name":"(anonymous_1)","decl":{"start":{"line":83,"column":18},"end":{"line":83,"column":19}},"loc":{"start":{"line":83,"column":35},"end":{"line":97,"column":3}}},"2":{"name":"(anonymous_2)","decl":{"start":{"line":93,"column":16},"end":{"line":93,"column":20}},"loc":{"start":{"line":93,"column":25},"end":{"line":96,"column":6}}},"3":{"name":"(anonymous_3)","decl":{"start":{"line":99,"column":21},"end":{"line":99,"column":22}},"loc":{"start":{"line":99,"column":72},"end":{"line":106,"column":3}}},"4":{"name":"(anonymous_4)","decl":{"start":{"line":100,"column":16},"end":{"line":100,"column":20}},"loc":{"start":{"line":100,"column":25},"end":{"line":105,"column":6}}},"5":{"name":"(anonymous_5)","decl":{"start":{"line":102,"column":28},"end":{"line":102,"column":32}},"loc":{"start":{"line":103,"column":8},"end":{"line":103,"column":59}}},"6":{"name":"(anonymous_6)","decl":{"start":{"line":108,"column":21},"end":{"line":108,"column":22}},"loc":{"start":{"line":108,"column":40},"end":{"line":114,"column":3}}},"7":{"name":"(anonymous_7)","decl":{"start":{"line":109,"column":16},"end":{"line":109,"column":20}},"loc":{"start":{"line":109,"column":25},"end":{"line":112,"column":6}}},"8":{"name":"(anonymous_8)","decl":{"start":{"line":111,"column":31},"end":{"line":111,"column":35}},"loc":{"start":{"line":111,"column":39},"end":{"line":111,"column":57}}},"9":{"name":"(anonymous_9)","decl":{"start":{"line":116,"column":23},"end":{"line":116,"column":28}},"loc":{"start":{"line":116,"column":34},"end":{"line":119,"column":3}}},"10":{"name":"(anonymous_10)","decl":{"start":{"line":121,"column":47},"end":{"line":121,"column":51}},"loc":{"start":{"line":121,"column":55},"end":{"line":121,"column":79}}},"11":{"name":"(anonymous_11)","decl":{"start":{"line":129,"column":25},"end":{"line":129,"column":26}},"loc":{"start":{"line":130,"column":12},"end":{"line":131,"column":null}}},"12":{"name":"(anonymous_12)","decl":{"start":{"line":134,"column":23},"end":{"line":134,"column":26}},"loc":{"start":{"line":134,"column":29},"end":{"line":134,"column":51}}},"13":{"name":"(anonymous_13)","decl":{"start":{"line":155,"column":24},"end":{"line":155,"column":25}},"loc":{"start":{"line":155,"column":31},"end":{"line":155,"column":87}}},"14":{"name":"(anonymous_14)","decl":{"start":{"line":155,"column":43},"end":{"line":155,"column":47}},"loc":{"start":{"line":155,"column":52},"end":{"line":155,"column":85}}},"15":{"name":"(anonymous_15)","decl":{"start":{"line":166,"column":23},"end":{"line":166,"column":26}},"loc":{"start":{"line":166,"column":29},"end":{"line":166,"column":89}}},"16":{"name":"(anonymous_16)","decl":{"start":{"line":166,"column":41},"end":{"line":166,"column":45}},"loc":{"start":{"line":166,"column":50},"end":{"line":166,"column":87}}},"17":{"name":"(anonymous_17)","decl":{"start":{"line":181,"column":30},"end":{"line":181,"column":31}},"loc":{"start":{"line":182,"column":12},"end":{"line":183,"column":null}}},"18":{"name":"(anonymous_18)","decl":{"start":{"line":191,"column":23},"end":{"line":191,"column":26}},"loc":{"start":{"line":191,"column":29},"end":{"line":191,"column":53}}},"19":{"name":"(anonymous_19)","decl":{"start":{"line":193,"column":54},"end":{"line":193,"column":57}},"loc":{"start":{"line":193,"column":60},"end":{"line":193,"column":79}}},"20":{"name":"(anonymous_20)","decl":{"start":{"line":216,"column":23},"end":{"line":216,"column":26}},"loc":{"start":{"line":216,"column":29},"end":{"line":216,"column":54}}},"21":{"name":"(anonymous_21)","decl":{"start":{"line":224,"column":22},"end":{"line":224,"column":23}},"loc":{"start":{"line":224,"column":35},"end":{"line":224,"column":69}}},"22":{"name":"WorkflowStepNode","decl":{"start":{"line":232,"column":9},"end":{"line":232,"column":25}},"loc":{"start":{"line":238,"column":1},"end":{"line":262,"column":1}}},"23":{"name":"(anonymous_23)","decl":{"start":{"line":239,"column":34},"end":{"line":239,"column":35}},"loc":{"start":{"line":239,"column":39},"end":{"line":239,"column":65}}},"24":{"name":"StepPropertiesPanel","decl":{"start":{"line":264,"column":9},"end":{"line":264,"column":28}},"loc":{"start":{"line":270,"column":1},"end":{"line":351,"column":1}}},"25":{"name":"(anonymous_25)","decl":{"start":{"line":271,"column":21},"end":{"line":271,"column":22}},"loc":{"start":{"line":271,"column":49},"end":{"line":278,"column":3}}},"26":{"name":"(anonymous_26)","decl":{"start":{"line":288,"column":29},"end":{"line":288,"column":30}},"loc":{"start":{"line":288,"column":40},"end":{"line":288,"column":71}}},"27":{"name":"(anonymous_27)","decl":{"start":{"line":304,"column":24},"end":{"line":304,"column":25}},"loc":{"start":{"line":304,"column":31},"end":{"line":304,"column":68}}},"28":{"name":"(anonymous_28)","decl":{"start":{"line":314,"column":24},"end":{"line":314,"column":25}},"loc":{"start":{"line":314,"column":31},"end":{"line":314,"column":76}}},"29":{"name":"(anonymous_29)","decl":{"start":{"line":327,"column":24},"end":{"line":327,"column":25}},"loc":{"start":{"line":327,"column":31},"end":{"line":327,"column":105}}},"30":{"name":"(anonymous_30)","decl":{"start":{"line":327,"column":80},"end":{"line":327,"column":81}},"loc":{"start":{"line":327,"column":95},"end":{"line":327,"column":103}}},"31":{"name":"(anonymous_31)","decl":{"start":{"line":342,"column":24},"end":{"line":342,"column":25}},"loc":{"start":{"line":342,"column":31},"end":{"line":342,"column":79}}},"32":{"name":"getDefaultStepData","decl":{"start":{"line":353,"column":9},"end":{"line":353,"column":27}},"loc":{"start":{"line":353,"column":40},"end":{"line":366,"column":1}}},"33":{"name":"getStepDescription","decl":{"start":{"line":368,"column":9},"end":{"line":368,"column":27}},"loc":{"start":{"line":368,"column":46},"end":{"line":379,"column":1}}}},"branchMap":{"0":{"loc":{"start":{"line":103,"column":8},"end":{"line":103,"column":59}},"type":"cond-expr","locations":[{"start":{"line":103,"column":29},"end":{"line":103,"column":52}},{"start":{"line":103,"column":55},"end":{"line":103,"column":59}}]},"1":{"loc":{"start":{"line":158,"column":28},"end":{"line":158,"column":71}},"type":"cond-expr","locations":[{"start":{"line":158,"column":48},"end":{"line":158,"column":57}},{"start":{"line":158,"column":60},"end":{"line":158,"column":71}}]},"2":{"loc":{"start":{"line":159,"column":15},"end":{"line":159,"column":53}},"type":"cond-expr","locations":[{"start":{"line":159,"column":35},"end":{"line":159,"column":43}},{"start":{"line":159,"column":46},"end":{"line":159,"column":53}}]},"3":{"loc":{"start":{"line":168,"column":15},"end":{"line":168,"column":95}},"type":"cond-expr","locations":[{"start":{"line":168,"column":35},"end":{"line":168,"column":64}},{"start":{"line":168,"column":67},"end":{"line":168,"column":95}}]},"4":{"loc":{"start":{"line":169,"column":15},"end":{"line":169,"column":55}},"type":"cond-expr","locations":[{"start":{"line":169,"column":35},"end":{"line":169,"column":42}},{"start":{"line":169,"column":45},"end":{"line":169,"column":55}}]},"5":{"loc":{"start":{"line":185,"column":16},"end":{"line":185,"column":null}},"type":"cond-expr","locations":[{"start":{"line":185,"column":43},"end":{"line":185,"column":65}},{"start":{"line":185,"column":68},"end":{"line":185,"column":null}}]},"6":{"loc":{"start":{"line":197,"column":11},"end":{"line":203,"column":null}},"type":"binary-expr","locations":[{"start":{"line":197,"column":11},"end":{"line":197,"column":38}},{"start":{"line":198,"column":12},"end":{"line":202,"column":null}}]},"7":{"loc":{"start":{"line":209,"column":7},"end":{"line":226,"column":null}},"type":"binary-expr","locations":[{"start":{"line":209,"column":7},"end":{"line":209,"column":23}},{"start":{"line":210,"column":8},"end":{"line":225,"column":null}}]},"8":{"loc":{"start":{"line":246,"column":13},"end":{"line":249,"column":null}},"type":"binary-expr","locations":[{"start":{"line":246,"column":13},"end":{"line":246,"column":21}},{"start":{"line":247,"column":14},"end":{"line":248,"column":null}}]},"9":{"loc":{"start":{"line":251,"column":44},"end":{"line":251,"column":72}},"type":"binary-expr","locations":[{"start":{"line":251,"column":44},"end":{"line":251,"column":59}},{"start":{"line":251,"column":63},"end":{"line":251,"column":72}}]},"10":{"loc":{"start":{"line":280,"column":2},"end":{"line":350,"column":3}},"type":"switch","locations":[{"start":{"line":281,"column":4},"end":{"line":318,"column":null}},{"start":{"line":320,"column":4},"end":{"line":332,"column":null}},{"start":{"line":334,"column":4},"end":{"line":346,"column":null}},{"start":{"line":348,"column":4},"end":{"line":349,"column":null}}]},"11":{"loc":{"start":{"line":303,"column":21},"end":{"line":303,"column":44}},"type":"binary-expr","locations":[{"start":{"line":303,"column":21},"end":{"line":303,"column":38}},{"start":{"line":303,"column":42},"end":{"line":303,"column":44}}]},"12":{"loc":{"start":{"line":313,"column":21},"end":{"line":313,"column":41}},"type":"binary-expr","locations":[{"start":{"line":313,"column":21},"end":{"line":313,"column":36}},{"start":{"line":313,"column":40},"end":{"line":313,"column":41}}]},"13":{"loc":{"start":{"line":326,"column":21},"end":{"line":326,"column":53}},"type":"binary-expr","locations":[{"start":{"line":326,"column":21},"end":{"line":326,"column":47}},{"start":{"line":326,"column":51},"end":{"line":326,"column":53}}]},"14":{"loc":{"start":{"line":341,"column":21},"end":{"line":341,"column":45}},"type":"binary-expr","locations":[{"start":{"line":341,"column":21},"end":{"line":341,"column":39}},{"start":{"line":341,"column":43},"end":{"line":341,"column":45}}]},"15":{"loc":{"start":{"line":354,"column":2},"end":{"line":365,"column":3}},"type":"switch","locations":[{"start":{"line":355,"column":4},"end":{"line":356,"column":null}},{"start":{"line":357,"column":4},"end":{"line":358,"column":null}},{"start":{"line":359,"column":4},"end":{"line":360,"column":null}},{"start":{"line":361,"column":4},"end":{"line":362,"column":null}},{"start":{"line":363,"column":4},"end":{"line":364,"column":null}}]},"16":{"loc":{"start":{"line":369,"column":2},"end":{"line":378,"column":3}},"type":"switch","locations":[{"start":{"line":370,"column":4},"end":{"line":371,"column":null}},{"start":{"line":372,"column":4},"end":{"line":373,"column":null}},{"start":{"line":374,"column":4},"end":{"line":375,"column":null}},{"start":{"line":376,"column":4},"end":{"line":377,"column":null}}]},"17":{"loc":{"start":{"line":371,"column":13},"end":{"line":371,"column":49}},"type":"binary-expr","locations":[{"start":{"line":371,"column":13},"end":{"line":371,"column":30}},{"start":{"line":371,"column":34},"end":{"line":371,"column":49}}]},"18":{"loc":{"start":{"line":373,"column":26},"end":{"line":373,"column":62}},"type":"binary-expr","locations":[{"start":{"line":373,"column":26},"end":{"line":373,"column":52}},{"start":{"line":373,"column":56},"end":{"line":373,"column":62}}]},"19":{"loc":{"start":{"line":375,"column":21},"end":{"line":375,"column":45}},"type":"binary-expr","locations":[{"start":{"line":375,"column":21},"end":{"line":375,"column":39}},{"start":{"line":375,"column":43},"end":{"line":375,"column":45}}]}},"s":{"0":0,"1":0,"2":0,"3":0,"4":0,"5":0,"6":0,"7":0,"8":0,"9":0,"10":0,"11":0,"12":0,"13":0,"14":0,"15":0,"16":0,"17":0,"18":0,"19":0,"20":0,"21":0,"22":0,"23":0,"24":0,"25":0,"26":0,"27":0,"28":0,"29":0,"30":0,"31":0,"32":0,"33":0,"34":0,"35":0,"36":0,"37":0,"38":0,"39":0,"40":0,"41":0,"42":0,"43":0,"44":0,"45":0,"46":0,"47":0,"48":0,"49":0,"50":0,"51":0,"52":0,"53":0,"54":0,"55":0,"56":0,"57":0,"58":0,"59":0,"60":0,"61":0,"62":0,"63":0,"64":0,"65":0,"66":0,"67":0,"68":0},"f":{"0":0,"1":0,"2":0,"3":0,"4":0,"5":0,"6":0,"7":0,"8":0,"9":0,"10":0,"11":0,"12":0,"13":0,"14":0,"15":0,"16":0,"17":0,"18":0,"19":0,"20":0,"21":0,"22":0,"23":0,"24":0,"25":0,"26":0,"27":0,"28":0,"29":0,"30":0,"31":0,"32":0,"33":0},"b":{"0":[0,0],"1":[0,0],"2":[0,0],"3":[0,0],"4":[0,0],"5":[0,0],"6":[0,0],"7":[0,0],"8":[0,0],"9":[0,0],"10":[0,0,0,0],"11":[0,0],"12":[0,0],"13":[0,0],"14":[0,0],"15":[0,0,0,0,0],"16":[0,0,0,0],"17":[0,0],"18":[0,0],"19":[0,0]}}
,"/Users/jai/Desktop/projects/CognitivPulse/components/billing/billing-dashboard.tsx": {"path":"/Users/jai/Desktop/projects/CognitivPulse/components/billing/billing-dashboard.tsx","statementMap":{"0":{"start":{"line":12,"column":0},"end":{"line":12,"column":16}},"1":{"start":{"line":3,"column":0},"end":{"line":3,"column":32}},"2":{"start":{"line":4,"column":0},"end":{"line":4,"column":79}},"3":{"start":{"line":5,"column":0},"end":{"line":5,"column":47}},"4":{"start":{"line":6,"column":0},"end":{"line":6,"column":45}},"5":{"start":{"line":7,"column":0},"end":{"line":7,"column":72}},"6":{"start":{"line":8,"column":0},"end":{"line":8,"column":56}},"7":{"start":{"line":9,"column":0},"end":{"line":9,"column":48}},"8":{"start":{"line":10,"column":0},"end":{"line":10,"column":44}},"9":{"start":{"line":13,"column":36},"end":{"line":13,"column":51}},"10":{"start":{"line":14,"column":81},"end":{"line":14,"column":93}},"11":{"start":{"line":16,"column":22},"end":{"line":16,"column":50}},"12":{"start":{"line":18,"column":24},"end":{"line":34,"column":3}},"13":{"start":{"line":19,"column":4},"end":{"line":19,"column":33}},"14":{"start":{"line":19,"column":27},"end":{"line":19,"column":33}},"15":{"start":{"line":21,"column":4},"end":{"line":21,"column":null}},"16":{"start":{"line":22,"column":4},"end":{"line":33,"column":5}},"17":{"start":{"line":23,"column":19},"end":{"line":23,"column":32}},"18":{"start":{"line":24,"column":6},"end":{"line":28,"column":null}},"19":{"start":{"line":30,"column":6},"end":{"line":30,"column":null}},"20":{"start":{"line":32,"column":6},"end":{"line":32,"column":null}},"21":{"start":{"line":36,"column":30},"end":{"line":45,"column":3}},"22":{"start":{"line":37,"column":4},"end":{"line":37,"column":null}},"23":{"start":{"line":38,"column":4},"end":{"line":44,"column":5}},"24":{"start":{"line":39,"column":6},"end":{"line":39,"column":null}},"25":{"start":{"line":41,"column":6},"end":{"line":41,"column":null}},"26":{"start":{"line":43,"column":6},"end":{"line":43,"column":null}},"27":{"start":{"line":47,"column":2},"end":{"line":177,"column":null}},"28":{"start":{"line":99,"column":12},"end":{"line":100,"column":null}},"29":{"start":{"line":118,"column":20},"end":{"line":118,"column":36}},"30":{"start":{"line":129,"column":33},"end":{"line":129,"column":64}},"31":{"start":{"line":149,"column":16},"end":{"line":149,"column":38}}},"fnMap":{"0":{"name":"BillingDashboard","decl":{"start":{"line":12,"column":16},"end":{"line":12,"column":32}},"loc":{"start":{"line":12,"column":32},"end":{"line":178,"column":1}}},"1":{"name":"(anonymous_1)","decl":{"start":{"line":18,"column":24},"end":{"line":18,"column":29}},"loc":{"start":{"line":18,"column":49},"end":{"line":34,"column":3}}},"2":{"name":"(anonymous_2)","decl":{"start":{"line":36,"column":30},"end":{"line":36,"column":35}},"loc":{"start":{"line":36,"column":41},"end":{"line":45,"column":3}}},"3":{"name":"(anonymous_3)","decl":{"start":{"line":98,"column":37},"end":{"line":98,"column":38}},"loc":{"start":{"line":99,"column":12},"end":{"line":100,"column":null}}},"4":{"name":"(anonymous_4)","decl":{"start":{"line":117,"column":37},"end":{"line":117,"column":38}},"loc":{"start":{"line":118,"column":20},"end":{"line":118,"column":36}}},"5":{"name":"(anonymous_5)","decl":{"start":{"line":129,"column":27},"end":{"line":129,"column":30}},"loc":{"start":{"line":129,"column":33},"end":{"line":129,"column":64}}},"6":{"name":"(anonymous_6)","decl":{"start":{"line":148,"column":28},"end":{"line":148,"column":29}},"loc":{"start":{"line":149,"column":16},"end":{"line":149,"column":38}}}},"branchMap":{"0":{"loc":{"start":{"line":16,"column":22},"end":{"line":16,"column":50}},"type":"binary-expr","locations":[{"start":{"line":16,"column":22},"end":{"line":16,"column":40}},{"start":{"line":16,"column":44},"end":{"line":16,"column":50}}]},"1":{"loc":{"start":{"line":19,"column":4},"end":{"line":19,"column":33}},"type":"if","locations":[{"start":{"line":19,"column":4},"end":{"line":19,"column":33}},{"start":{},"end":{}}]},"2":{"loc":{"start":{"line":61,"column":28},"end":{"line":61,"column":87}},"type":"cond-expr","locations":[{"start":{"line":61,"column":64},"end":{"line":61,"column":73}},{"start":{"line":61,"column":76},"end":{"line":61,"column":87}}]},"3":{"loc":{"start":{"line":62,"column":15},"end":{"line":62,"column":45}},"type":"binary-expr","locations":[{"start":{"line":62,"column":15},"end":{"line":62,"column":35}},{"start":{"line":62,"column":39},"end":{"line":62,"column":45}}]},"4":{"loc":{"start":{"line":71,"column":17},"end":{"line":73,"column":66}},"type":"cond-expr","locations":[{"start":{"line":72,"column":20},"end":{"line":72,"column":34}},{"start":{"line":73,"column":20},"end":{"line":73,"column":66}}]},"5":{"loc":{"start":{"line":76,"column":15},"end":{"line":80,"column":null}},"type":"binary-expr","locations":[{"start":{"line":76,"column":15},"end":{"line":76,"column":45}},{"start":{"line":77,"column":16},"end":{"line":79,"column":null}}]},"6":{"loc":{"start":{"line":78,"column":19},"end":{"line":78,"column":74}},"type":"cond-expr","locations":[{"start":{"line":78,"column":54},"end":{"line":78,"column":62}},{"start":{"line":78,"column":65},"end":{"line":78,"column":74}}]},"7":{"loc":{"start":{"line":84,"column":13},"end":{"line":88,"column":null}},"type":"binary-expr","locations":[{"start":{"line":84,"column":13},"end":{"line":84,"column":46}},{"start":{"line":85,"column":14},"end":{"line":86,"column":null}}]},"8":{"loc":{"start":{"line":101,"column":37},"end":{"line":101,"column":88}},"type":"cond-expr","locations":[{"start":{"line":101,"column":62},"end":{"line":101,"column":83}},{"start":{"line":101,"column":86},"end":{"line":101,"column":88}}]},"9":{"loc":{"start":{"line":103,"column":15},"end":{"line":104,"column":null}},"type":"binary-expr","locations":[{"start":{"line":103,"column":15},"end":{"line":103,"column":37}},{"start":{"line":104,"column":16},"end":{"line":104,"column":78}}]},"10":{"loc":{"start":{"line":110,"column":19},"end":{"line":110,"column":63}},"type":"cond-expr","locations":[{"start":{"line":110,"column":38},"end":{"line":110,"column":44}},{"start":{"line":110,"column":47},"end":{"line":110,"column":63}}]},"11":{"loc":{"start":{"line":111,"column":19},"end":{"line":111,"column":88}},"type":"binary-expr","locations":[{"start":{"line":111,"column":19},"end":{"line":111,"column":33}},{"start":{"line":111,"column":37},"end":{"line":111,"column":88}}]},"12":{"loc":{"start":{"line":127,"column":27},"end":{"line":127,"column":73}},"type":"cond-expr","locations":[{"start":{"line":127,"column":52},"end":{"line":127,"column":61}},{"start":{"line":127,"column":64},"end":{"line":127,"column":73}}]},"13":{"loc":{"start":{"line":128,"column":28},"end":{"line":128,"column":63}},"type":"binary-expr","locations":[{"start":{"line":128,"column":28},"end":{"line":128,"column":50}},{"start":{"line":128,"column":54},"end":{"line":128,"column":63}}]},"14":{"loc":{"start":{"line":131,"column":19},"end":{"line":132,"column":62}},"type":"cond-expr","locations":[{"start":{"line":131,"column":44},"end":{"line":131,"column":58}},{"start":{"line":132,"column":19},"end":{"line":132,"column":62}}]},"15":{"loc":{"start":{"line":132,"column":19},"end":{"line":132,"column":62}},"type":"cond-expr","locations":[{"start":{"line":132,"column":39},"end":{"line":132,"column":50}},{"start":{"line":132,"column":53},"end":{"line":132,"column":62}}]},"16":{"loc":{"start":{"line":141,"column":7},"end":{"line":174,"column":null}},"type":"binary-expr","locations":[{"start":{"line":141,"column":7},"end":{"line":141,"column":15}},{"start":{"line":141,"column":19},"end":{"line":141,"column":38}},{"start":{"line":142,"column":8},"end":{"line":173,"column":null}}]},"17":{"loc":{"start":{"line":159,"column":36},"end":{"line":159,"column":89}},"type":"cond-expr","locations":[{"start":{"line":159,"column":64},"end":{"line":159,"column":73}},{"start":{"line":159,"column":76},"end":{"line":159,"column":89}}]},"18":{"loc":{"start":{"line":162,"column":21},"end":{"line":167,"column":null}},"type":"binary-expr","locations":[{"start":{"line":162,"column":21},"end":{"line":162,"column":40}},{"start":{"line":163,"column":22},"end":{"line":166,"column":null}}]}},"s":{"0":0,"1":0,"2":0,"3":0,"4":0,"5":0,"6":0,"7":0,"8":0,"9":0,"10":0,"11":0,"12":0,"13":0,"14":0,"15":0,"16":0,"17":0,"18":0,"19":0,"20":0,"21":0,"22":0,"23":0,"24":0,"25":0,"26":0,"27":0,"28":0,"29":0,"30":0,"31":0},"f":{"0":0,"1":0,"2":0,"3":0,"4":0,"5":0,"6":0},"b":{"0":[0,0],"1":[0,0],"2":[0,0],"3":[0,0],"4":[0,0],"5":[0,0],"6":[0,0],"7":[0,0],"8":[0,0],"9":[0,0],"10":[0,0],"11":[0,0],"12":[0,0],"13":[0,0],"14":[0,0],"15":[0,0],"16":[0,0,0],"17":[0,0],"18":[0,0]}}
,"/Users/jai/Desktop/projects/CognitivPulse/components/dashboard/sidebar.tsx": {"path":"/Users/jai/Desktop/projects/CognitivPulse/components/dashboard/sidebar.tsx","statementMap":{"0":{"start":{"line":30,"column":0},"end":{"line":30,"column":16}},"1":{"start":{"line":3,"column":0},"end":{"line":3,"column":28}},"2":{"start":{"line":4,"column":0},"end":{"line":4,"column":45}},"3":{"start":{"line":5,"column":0},"end":{"line":5,"column":32}},"4":{"start":{"line":7,"column":0},"end":{"line":7,"column":null}},"5":{"start":{"line":18,"column":19},"end":{"line":28,"column":null}},"6":{"start":{"line":31,"column":19},"end":{"line":31,"column":32}},"7":{"start":{"line":33,"column":2},"end":{"line":66,"column":null}},"8":{"start":{"line":41,"column":29},"end":{"line":41,"column":51}},"9":{"start":{"line":42,"column":12},"end":{"line":61,"column":null}}},"fnMap":{"0":{"name":"Sidebar","decl":{"start":{"line":30,"column":16},"end":{"line":30,"column":23}},"loc":{"start":{"line":30,"column":23},"end":{"line":67,"column":1}}},"1":{"name":"(anonymous_2)","decl":{"start":{"line":40,"column":26},"end":{"line":40,"column":27}},"loc":{"start":{"line":40,"column":35},"end":{"line":62,"column":11}}}},"branchMap":{"0":{"loc":{"start":{"line":48,"column":18},"end":{"line":50,"column":72}},"type":"cond-expr","locations":[{"start":{"line":49,"column":22},"end":{"line":49,"column":46}},{"start":{"line":50,"column":22},"end":{"line":50,"column":72}}]},"1":{"loc":{"start":{"line":56,"column":20},"end":{"line":56,"column":84}},"type":"cond-expr","locations":[{"start":{"line":56,"column":31},"end":{"line":56,"column":43}},{"start":{"line":56,"column":46},"end":{"line":56,"column":84}}]}},"s":{"0":0,"1":0,"2":0,"3":0,"4":0,"5":0,"6":0,"7":0,"8":0,"9":0},"f":{"0":0,"1":0},"b":{"0":[0,0],"1":[0,0]}}
,"/Users/jai/Desktop/projects/CognitivPulse/components/email/campaign-builder.tsx": {"path":"/Users/jai/Desktop/projects/CognitivPulse/components/email/campaign-builder.tsx","statementMap":{"0":{"start":{"line":25,"column":0},"end":{"line":25,"column":16}},"1":{"start":{"line":3,"column":0},"end":{"line":3,"column":32}},"2":{"start":{"line":4,"column":0},"end":{"line":4,"column":41}},"3":{"start":{"line":5,"column":0},"end":{"line":5,"column":53}},"4":{"start":{"line":6,"column":0},"end":{"line":6,"column":24}},"5":{"start":{"line":7,"column":0},"end":{"line":7,"column":47}},"6":{"start":{"line":8,"column":0},"end":{"line":8,"column":45}},"7":{"start":{"line":9,"column":0},"end":{"line":9,"column":45}},"8":{"start":{"line":10,"column":0},"end":{"line":10,"column":79}},"9":{"start":{"line":11,"column":0},"end":{"line":11,"column":44}},"10":{"start":{"line":12,"column":0},"end":{"line":12,"column":52}},"11":{"start":{"line":13,"column":0},"end":{"line":13,"column":63}},"12":{"start":{"line":15,"column":23},"end":{"line":21,"column":2}},"13":{"start":{"line":26,"column":36},"end":{"line":26,"column":53}},"14":{"start":{"line":27,"column":40},"end":{"line":27,"column":59}},"15":{"start":{"line":35,"column":6},"end":{"line":37,"column":4}},"16":{"start":{"line":39,"column":19},"end":{"line":45,"column":3}},"17":{"start":{"line":40,"column":4},"end":{"line":44,"column":5}},"18":{"start":{"line":41,"column":6},"end":{"line":41,"column":null}},"19":{"start":{"line":43,"column":6},"end":{"line":43,"column":null}},"20":{"start":{"line":47,"column":2},"end":{"line":167,"column":null}},"21":{"start":{"line":85,"column":29},"end":{"line":85,"column":51}},"22":{"start":{"line":95,"column":37},"end":{"line":95,"column":65}},"23":{"start":{"line":101,"column":31},"end":{"line":101,"column":52}},"24":{"start":{"line":107,"column":31},"end":{"line":107,"column":57}},"25":{"start":{"line":117,"column":49},"end":{"line":117,"column":83}},"26":{"start":{"line":123,"column":31},"end":{"line":123,"column":53}},"27":{"start":{"line":129,"column":31},"end":{"line":129,"column":53}},"28":{"start":{"line":149,"column":33},"end":{"line":149,"column":59}}},"fnMap":{"0":{"name":"CampaignBuilder","decl":{"start":{"line":25,"column":16},"end":{"line":25,"column":31}},"loc":{"start":{"line":25,"column":31},"end":{"line":168,"column":1}}},"1":{"name":"(anonymous_10)","decl":{"start":{"line":39,"column":19},"end":{"line":39,"column":24}},"loc":{"start":{"line":39,"column":52},"end":{"line":45,"column":3}}},"2":{"name":"(anonymous_11)","decl":{"start":{"line":85,"column":23},"end":{"line":85,"column":26}},"loc":{"start":{"line":85,"column":29},"end":{"line":85,"column":51}}},"3":{"name":"(anonymous_12)","decl":{"start":{"line":95,"column":24},"end":{"line":95,"column":25}},"loc":{"start":{"line":95,"column":37},"end":{"line":95,"column":65}}},"4":{"name":"(anonymous_13)","decl":{"start":{"line":101,"column":25},"end":{"line":101,"column":28}},"loc":{"start":{"line":101,"column":31},"end":{"line":101,"column":52}}},"5":{"name":"(anonymous_14)","decl":{"start":{"line":107,"column":25},"end":{"line":107,"column":28}},"loc":{"start":{"line":107,"column":31},"end":{"line":107,"column":57}}},"6":{"name":"(anonymous_15)","decl":{"start":{"line":117,"column":33},"end":{"line":117,"column":34}},"loc":{"start":{"line":117,"column":49},"end":{"line":117,"column":83}}},"7":{"name":"(anonymous_16)","decl":{"start":{"line":123,"column":25},"end":{"line":123,"column":28}},"loc":{"start":{"line":123,"column":31},"end":{"line":123,"column":53}}},"8":{"name":"(anonymous_17)","decl":{"start":{"line":129,"column":25},"end":{"line":129,"column":28}},"loc":{"start":{"line":129,"column":31},"end":{"line":129,"column":53}}},"9":{"name":"(anonymous_18)","decl":{"start":{"line":149,"column":27},"end":{"line":149,"column":30}},"loc":{"start":{"line":149,"column":33},"end":{"line":149,"column":59}}}},"branchMap":{"0":{"loc":{"start":{"line":66,"column":15},"end":{"line":67,"column":null}},"type":"binary-expr","locations":[{"start":{"line":66,"column":15},"end":{"line":66,"column":26}},{"start":{"line":67,"column":16},"end":{"line":67,"column":82}}]},"1":{"loc":{"start":{"line":78,"column":15},"end":{"line":79,"column":null}},"type":"binary-expr","locations":[{"start":{"line":78,"column":15},"end":{"line":78,"column":29}},{"start":{"line":79,"column":16},"end":{"line":79,"column":85}}]},"2":{"loc":{"start":{"line":116,"column":27},"end":{"line":116,"column":52}},"type":"binary-expr","locations":[{"start":{"line":116,"column":27},"end":{"line":116,"column":46}},{"start":{"line":116,"column":50},"end":{"line":116,"column":52}}]},"3":{"loc":{"start":{"line":142,"column":32},"end":{"line":142,"column":64}},"type":"binary-expr","locations":[{"start":{"line":142,"column":32},"end":{"line":142,"column":59}},{"start":{"line":142,"column":63},"end":{"line":142,"column":64}}]}},"s":{"0":0,"1":0,"2":0,"3":0,"4":0,"5":0,"6":0,"7":0,"8":0,"9":0,"10":0,"11":0,"12":0,"13":0,"14":0,"15":0,"16":0,"17":0,"18":0,"19":0,"20":0,"21":0,"22":0,"23":0,"24":0,"25":0,"26":0,"27":0,"28":0},"f":{"0":0,"1":0,"2":0,"3":0,"4":0,"5":0,"6":0,"7":0,"8":0,"9":0},"b":{"0":[0,0],"1":[0,0],"2":[0,0],"3":[0,0]}}
,"/Users/jai/Desktop/projects/CognitivPulse/components/email/contact-selector.tsx": {"path":"/Users/jai/Desktop/projects/CognitivPulse/components/email/contact-selector.tsx","statementMap":{"0":{"start":{"line":6,"column":63},"end":{"line":7,"column":null}},"1":{"start":{"line":7,"column":2},"end":{"line":7,"column":61}},"2":{"start":{"line":6,"column":13},"end":{"line":6,"column":63}}},"fnMap":{"0":{"name":"(anonymous_0)","decl":{"start":{"line":6,"column":63},"end":{"line":6,"column":64}},"loc":{"start":{"line":7,"column":2},"end":{"line":7,"column":61}}}},"branchMap":{},"s":{"0":0,"1":0,"2":0},"f":{"0":0},"b":{}}
,"/Users/jai/Desktop/projects/CognitivPulse/components/email/email-editor.tsx": {"path":"/Users/jai/Desktop/projects/CognitivPulse/components/email/email-editor.tsx","statementMap":{"0":{"start":{"line":13,"column":0},"end":{"line":13,"column":16}},"1":{"start":{"line":3,"column":0},"end":{"line":3,"column":32}},"2":{"start":{"line":4,"column":0},"end":{"line":4,"column":47}},"3":{"start":{"line":5,"column":0},"end":{"line":5,"column":79}},"4":{"start":{"line":6,"column":0},"end":{"line":6,"column":51}},"5":{"start":{"line":14,"column":38},"end":{"line":14,"column":75}},"6":{"start":{"line":16,"column":20},"end":{"line":42,"column":null}},"7":{"start":{"line":44,"column":2},"end":{"line":88,"column":null}},"8":{"start":{"line":46,"column":57},"end":{"line":46,"column":84}},"9":{"start":{"line":58,"column":18},"end":{"line":59,"column":null}},"10":{"start":{"line":62,"column":35},"end":{"line":62,"column":61}},"11":{"start":{"line":81,"column":29},"end":{"line":81,"column":53}}},"fnMap":{"0":{"name":"EmailEditor","decl":{"start":{"line":13,"column":16},"end":{"line":13,"column":27}},"loc":{"start":{"line":13,"column":67},"end":{"line":89,"column":1}}},"1":{"name":"(anonymous_1)","decl":{"start":{"line":46,"column":46},"end":{"line":46,"column":47}},"loc":{"start":{"line":46,"column":57},"end":{"line":46,"column":84}}},"2":{"name":"(anonymous_2)","decl":{"start":{"line":57,"column":31},"end":{"line":57,"column":32}},"loc":{"start":{"line":58,"column":18},"end":{"line":59,"column":null}}},"3":{"name":"(anonymous_3)","decl":{"start":{"line":62,"column":29},"end":{"line":62,"column":32}},"loc":{"start":{"line":62,"column":35},"end":{"line":62,"column":61}}},"4":{"name":"(anonymous_4)","decl":{"start":{"line":81,"column":22},"end":{"line":81,"column":23}},"loc":{"start":{"line":81,"column":29},"end":{"line":81,"column":53}}}},"branchMap":{"0":{"loc":{"start":{"line":72,"column":56},"end":{"line":72,"column":98}},"type":"binary-expr","locations":[{"start":{"line":72,"column":56},"end":{"line":72,"column":63}},{"start":{"line":72,"column":67},"end":{"line":72,"column":98}}]}},"s":{"0":0,"1":0,"2":0,"3":0,"4":0,"5":0,"6":0,"7":0,"8":0,"9":0,"10":0,"11":0},"f":{"0":0,"1":0,"2":0,"3":0,"4":0},"b":{"0":[0,0]}}
,"/Users/jai/Desktop/projects/CognitivPulse/components/landing-pages/page-builder.tsx": {"path":"/Users/jai/Desktop/projects/CognitivPulse/components/landing-pages/page-builder.tsx","statementMap":{"0":{"start":{"line":27,"column":0},"end":{"line":27,"column":16}},"1":{"start":{"line":3,"column":0},"end":{"line":3,"column":32}},"2":{"start":{"line":4,"column":0},"end":{"line":4,"column":73}},"3":{"start":{"line":5,"column":0},"end":{"line":5,"column":47}},"4":{"start":{"line":7,"column":0},"end":{"line":7,"column":45}},"5":{"start":{"line":8,"column":0},"end":{"line":8,"column":45}},"6":{"start":{"line":9,"column":0},"end":{"line":9,"column":51}},"7":{"start":{"line":10,"column":0},"end":{"line":10,"column":54}},"8":{"start":{"line":28,"column":48},"end":{"line":28,"column":77}},"9":{"start":{"line":29,"column":40},"end":{"line":29,"column":55}},"10":{"start":{"line":31,"column":23},"end":{"line":37,"column":null}},"11":{"start":{"line":39,"column":21},"end":{"line":51,"column":3}},"12":{"start":{"line":40,"column":36},"end":{"line":45,"column":null}},"13":{"start":{"line":47,"column":4},"end":{"line":50,"column":null}},"14":{"start":{"line":53,"column":24},"end":{"line":62,"column":3}},"15":{"start":{"line":54,"column":28},"end":{"line":55,"column":null}},"16":{"start":{"line":55,"column":6},"end":{"line":55,"column":47}},"17":{"start":{"line":58,"column":4},"end":{"line":61,"column":null}},"18":{"start":{"line":64,"column":24},"end":{"line":70,"column":3}},"19":{"start":{"line":65,"column":29},"end":{"line":65,"column":73}},"20":{"start":{"line":65,"column":60},"end":{"line":65,"column":72}},"21":{"start":{"line":66,"column":4},"end":{"line":69,"column":null}},"22":{"start":{"line":72,"column":20},"end":{"line":83,"column":3}},"23":{"start":{"line":73,"column":4},"end":{"line":73,"column":35}},"24":{"start":{"line":73,"column":29},"end":{"line":73,"column":35}},"25":{"start":{"line":75,"column":18},"end":{"line":75,"column":47}},"26":{"start":{"line":76,"column":28},"end":{"line":76,"column":64}},"27":{"start":{"line":77,"column":4},"end":{"line":77,"column":null}},"28":{"start":{"line":79,"column":4},"end":{"line":82,"column":null}},"29":{"start":{"line":85,"column":2},"end":{"line":102,"column":3}},"30":{"start":{"line":86,"column":4},"end":{"line":101,"column":null}},"31":{"start":{"line":90,"column":33},"end":{"line":90,"column":54}},"32":{"start":{"line":97,"column":12},"end":{"line":97,"column":46}},"33":{"start":{"line":104,"column":2},"end":{"line":189,"column":null}},"34":{"start":{"line":111,"column":12},"end":{"line":112,"column":null}},"35":{"start":{"line":115,"column":29},"end":{"line":115,"column":57}},"36":{"start":{"line":128,"column":33},"end":{"line":128,"column":53}},"37":{"start":{"line":137,"column":14},"end":{"line":171,"column":null}},"38":{"start":{"line":143,"column":18},"end":{"line":143,"column":46}},"39":{"start":{"line":145,"column":22},"end":{"line":166,"column":null}},"40":{"start":{"line":152,"column":39},"end":{"line":152,"column":69}},"41":{"start":{"line":160,"column":30},"end":{"line":160,"column":null}},"42":{"start":{"line":161,"column":30},"end":{"line":161,"column":null}},"43":{"start":{"line":183,"column":50},"end":{"line":183,"column":75}},"44":{"start":{"line":184,"column":35},"end":{"line":184,"column":74}},"45":{"start":{"line":193,"column":2},"end":{"line":243,"column":3}},"46":{"start":{"line":195,"column":6},"end":{"line":199,"column":null}},"47":{"start":{"line":201,"column":6},"end":{"line":205,"column":null}},"48":{"start":{"line":207,"column":6},"end":{"line":214,"column":null}},"49":{"start":{"line":216,"column":6},"end":{"line":220,"column":null}},"50":{"start":{"line":222,"column":6},"end":{"line":240,"column":null}},"51":{"start":{"line":225,"column":12},"end":{"line":225,"column":null}},"52":{"start":{"line":242,"column":6},"end":{"line":242,"column":null}},"53":{"start":{"line":247,"column":24},"end":{"line":254,"column":3}},"54":{"start":{"line":248,"column":4},"end":{"line":253,"column":null}},"55":{"start":{"line":256,"column":23},"end":{"line":263,"column":3}},"56":{"start":{"line":257,"column":4},"end":{"line":262,"column":null}},"57":{"start":{"line":265,"column":2},"end":{"line":335,"column":null}},"58":{"start":{"line":273,"column":31},"end":{"line":273,"column":68}},"59":{"start":{"line":281,"column":31},"end":{"line":281,"column":68}},"60":{"start":{"line":293,"column":31},"end":{"line":293,"column":68}},"61":{"start":{"line":301,"column":31},"end":{"line":301,"column":78}},"62":{"start":{"line":313,"column":31},"end":{"line":313,"column":68}},"63":{"start":{"line":321,"column":31},"end":{"line":321,"column":78}},"64":{"start":{"line":328,"column":31},"end":{"line":328,"column":68}},"65":{"start":{"line":339,"column":2},"end":{"line":358,"column":3}},"66":{"start":{"line":341,"column":6},"end":{"line":341,"column":null}},"67":{"start":{"line":343,"column":6},"end":{"line":343,"column":null}},"68":{"start":{"line":345,"column":6},"end":{"line":345,"column":null}},"69":{"start":{"line":347,"column":6},"end":{"line":347,"column":null}},"70":{"start":{"line":349,"column":6},"end":{"line":355,"column":null}},"71":{"start":{"line":357,"column":6},"end":{"line":357,"column":null}},"72":{"start":{"line":362,"column":2},"end":{"line":383,"column":3}},"73":{"start":{"line":364,"column":6},"end":{"line":364,"column":null}},"74":{"start":{"line":366,"column":6},"end":{"line":366,"column":null}},"75":{"start":{"line":368,"column":6},"end":{"line":368,"column":null}},"76":{"start":{"line":370,"column":6},"end":{"line":378,"column":null}},"77":{"start":{"line":380,"column":6},"end":{"line":380,"column":null}},"78":{"start":{"line":382,"column":6},"end":{"line":382,"column":null}}},"fnMap":{"0":{"name":"PageBuilder","decl":{"start":{"line":27,"column":16},"end":{"line":27,"column":27}},"loc":{"start":{"line":27,"column":68},"end":{"line":190,"column":1}}},"1":{"name":"(anonymous_1)","decl":{"start":{"line":39,"column":21},"end":{"line":39,"column":22}},"loc":{"start":{"line":39,"column":38},"end":{"line":51,"column":3}}},"2":{"name":"(anonymous_2)","decl":{"start":{"line":53,"column":24},"end":{"line":53,"column":25}},"loc":{"start":{"line":53,"column":70},"end":{"line":62,"column":3}}},"3":{"name":"(anonymous_3)","decl":{"start":{"line":54,"column":50},"end":{"line":54,"column":52}},"loc":{"start":{"line":55,"column":6},"end":{"line":55,"column":47}}},"4":{"name":"(anonymous_4)","decl":{"start":{"line":64,"column":24},"end":{"line":64,"column":25}},"loc":{"start":{"line":64,"column":39},"end":{"line":70,"column":3}}},"5":{"name":"(anonymous_5)","decl":{"start":{"line":65,"column":54},"end":{"line":65,"column":56}},"loc":{"start":{"line":65,"column":60},"end":{"line":65,"column":72}}},"6":{"name":"(anonymous_6)","decl":{"start":{"line":72,"column":20},"end":{"line":72,"column":21}},"loc":{"start":{"line":72,"column":36},"end":{"line":83,"column":3}}},"7":{"name":"(anonymous_7)","decl":{"start":{"line":90,"column":27},"end":{"line":90,"column":30}},"loc":{"start":{"line":90,"column":33},"end":{"line":90,"column":54}}},"8":{"name":"(anonymous_8)","decl":{"start":{"line":96,"column":33},"end":{"line":96,"column":34}},"loc":{"start":{"line":97,"column":12},"end":{"line":97,"column":46}}},"9":{"name":"(anonymous_9)","decl":{"start":{"line":110,"column":28},"end":{"line":110,"column":29}},"loc":{"start":{"line":111,"column":12},"end":{"line":112,"column":null}}},"10":{"name":"(anonymous_10)","decl":{"start":{"line":115,"column":23},"end":{"line":115,"column":26}},"loc":{"start":{"line":115,"column":29},"end":{"line":115,"column":57}}},"11":{"name":"(anonymous_11)","decl":{"start":{"line":128,"column":27},"end":{"line":128,"column":30}},"loc":{"start":{"line":128,"column":33},"end":{"line":128,"column":53}}},"12":{"name":"(anonymous_12)","decl":{"start":{"line":136,"column":13},"end":{"line":136,"column":14}},"loc":{"start":{"line":137,"column":14},"end":{"line":171,"column":null}}},"13":{"name":"(anonymous_13)","decl":{"start":{"line":142,"column":39},"end":{"line":142,"column":40}},"loc":{"start":{"line":143,"column":18},"end":{"line":143,"column":46}}},"14":{"name":"(anonymous_14)","decl":{"start":{"line":144,"column":21},"end":{"line":144,"column":22}},"loc":{"start":{"line":145,"column":22},"end":{"line":166,"column":null}}},"15":{"name":"(anonymous_15)","decl":{"start":{"line":152,"column":33},"end":{"line":152,"column":36}},"loc":{"start":{"line":152,"column":39},"end":{"line":152,"column":69}}},"16":{"name":"(anonymous_16)","decl":{"start":{"line":159,"column":37},"end":{"line":159,"column":38}},"loc":{"start":{"line":159,"column":43},"end":{"line":162,"column":29}}},"17":{"name":"(anonymous_17)","decl":{"start":{"line":183,"column":44},"end":{"line":183,"column":46}},"loc":{"start":{"line":183,"column":50},"end":{"line":183,"column":75}}},"18":{"name":"(anonymous_18)","decl":{"start":{"line":184,"column":22},"end":{"line":184,"column":23}},"loc":{"start":{"line":184,"column":35},"end":{"line":184,"column":74}}},"19":{"name":"ElementRenderer","decl":{"start":{"line":192,"column":9},"end":{"line":192,"column":24}},"loc":{"start":{"line":192,"column":62},"end":{"line":244,"column":1}}},"20":{"name":"(anonymous_20)","decl":{"start":{"line":224,"column":38},"end":{"line":224,"column":39}},"loc":{"start":{"line":225,"column":12},"end":{"line":225,"column":null}}},"21":{"name":"ElementProperties","decl":{"start":{"line":246,"column":9},"end":{"line":246,"column":26}},"loc":{"start":{"line":246,"column":108},"end":{"line":336,"column":1}}},"22":{"name":"(anonymous_22)","decl":{"start":{"line":247,"column":24},"end":{"line":247,"column":25}},"loc":{"start":{"line":247,"column":52},"end":{"line":254,"column":3}}},"23":{"name":"(anonymous_23)","decl":{"start":{"line":256,"column":23},"end":{"line":256,"column":24}},"loc":{"start":{"line":256,"column":51},"end":{"line":263,"column":3}}},"24":{"name":"(anonymous_24)","decl":{"start":{"line":273,"column":24},"end":{"line":273,"column":25}},"loc":{"start":{"line":273,"column":31},"end":{"line":273,"column":68}}},"25":{"name":"(anonymous_25)","decl":{"start":{"line":281,"column":24},"end":{"line":281,"column":25}},"loc":{"start":{"line":281,"column":31},"end":{"line":281,"column":68}}},"26":{"name":"(anonymous_26)","decl":{"start":{"line":293,"column":24},"end":{"line":293,"column":25}},"loc":{"start":{"line":293,"column":31},"end":{"line":293,"column":68}}},"27":{"name":"(anonymous_27)","decl":{"start":{"line":301,"column":24},"end":{"line":301,"column":25}},"loc":{"start":{"line":301,"column":31},"end":{"line":301,"column":78}}},"28":{"name":"(anonymous_28)","decl":{"start":{"line":313,"column":24},"end":{"line":313,"column":25}},"loc":{"start":{"line":313,"column":31},"end":{"line":313,"column":68}}},"29":{"name":"(anonymous_29)","decl":{"start":{"line":321,"column":24},"end":{"line":321,"column":25}},"loc":{"start":{"line":321,"column":31},"end":{"line":321,"column":78}}},"30":{"name":"(anonymous_30)","decl":{"start":{"line":328,"column":24},"end":{"line":328,"column":25}},"loc":{"start":{"line":328,"column":31},"end":{"line":328,"column":68}}},"31":{"name":"getDefaultContent","decl":{"start":{"line":338,"column":9},"end":{"line":338,"column":26}},"loc":{"start":{"line":338,"column":39},"end":{"line":359,"column":1}}},"32":{"name":"getDefaultStyles","decl":{"start":{"line":361,"column":9},"end":{"line":361,"column":25}},"loc":{"start":{"line":361,"column":38},"end":{"line":384,"column":1}}}},"branchMap":{"0":{"loc":{"start":{"line":55,"column":6},"end":{"line":55,"column":47}},"type":"cond-expr","locations":[{"start":{"line":55,"column":21},"end":{"line":55,"column":42}},{"start":{"line":55,"column":45},"end":{"line":55,"column":47}}]},"1":{"loc":{"start":{"line":73,"column":4},"end":{"line":73,"column":35}},"type":"if","locations":[{"start":{"line":73,"column":4},"end":{"line":73,"column":35}},{"start":{},"end":{}}]},"2":{"loc":{"start":{"line":85,"column":2},"end":{"line":102,"column":3}},"type":"if","locations":[{"start":{"line":85,"column":2},"end":{"line":102,"column":3}},{"start":{},"end":{}}]},"3":{"loc":{"start":{"line":150,"column":26},"end":{"line":150,"column":null}},"type":"cond-expr","locations":[{"start":{"line":150,"column":59},"end":{"line":150,"column":81}},{"start":{"line":150,"column":84},"end":{"line":150,"column":null}}]},"4":{"loc":{"start":{"line":181,"column":9},"end":{"line":185,"column":null}},"type":"binary-expr","locations":[{"start":{"line":181,"column":9},"end":{"line":181,"column":24}},{"start":{"line":182,"column":10},"end":{"line":184,"column":null}}]},"5":{"loc":{"start":{"line":193,"column":2},"end":{"line":243,"column":3}},"type":"switch","locations":[{"start":{"line":194,"column":4},"end":{"line":199,"column":null}},{"start":{"line":200,"column":4},"end":{"line":205,"column":null}},{"start":{"line":206,"column":4},"end":{"line":214,"column":null}},{"start":{"line":215,"column":4},"end":{"line":220,"column":null}},{"start":{"line":221,"column":4},"end":{"line":240,"column":null}},{"start":{"line":241,"column":4},"end":{"line":242,"column":null}}]},"6":{"loc":{"start":{"line":209,"column":15},"end":{"line":209,"column":75}},"type":"binary-expr","locations":[{"start":{"line":209,"column":15},"end":{"line":209,"column":34}},{"start":{"line":209,"column":38},"end":{"line":209,"column":75}}]},"7":{"loc":{"start":{"line":267,"column":7},"end":{"line":284,"column":null}},"type":"binary-expr","locations":[{"start":{"line":267,"column":7},"end":{"line":267,"column":32}},{"start":{"line":268,"column":8},"end":{"line":283,"column":null}}]},"8":{"loc":{"start":{"line":280,"column":21},"end":{"line":280,"column":54}},"type":"binary-expr","locations":[{"start":{"line":280,"column":21},"end":{"line":280,"column":41}},{"start":{"line":280,"column":45},"end":{"line":280,"column":54}}]},"9":{"loc":{"start":{"line":287,"column":7},"end":{"line":304,"column":null}},"type":"binary-expr","locations":[{"start":{"line":287,"column":7},"end":{"line":287,"column":30}},{"start":{"line":288,"column":8},"end":{"line":303,"column":null}}]},"10":{"loc":{"start":{"line":300,"column":21},"end":{"line":300,"column":60}},"type":"binary-expr","locations":[{"start":{"line":300,"column":21},"end":{"line":300,"column":54}},{"start":{"line":300,"column":58},"end":{"line":300,"column":60}}]},"11":{"loc":{"start":{"line":307,"column":7},"end":{"line":332,"column":null}},"type":"binary-expr","locations":[{"start":{"line":307,"column":7},"end":{"line":307,"column":32}},{"start":{"line":308,"column":8},"end":{"line":331,"column":null}}]},"12":{"loc":{"start":{"line":320,"column":21},"end":{"line":320
[...]
,"/Users/jai/Desktop/projects/CognitivPulse/lib/social/createAdminClient.ts": {"path":"/Users/jai/Desktop/projects/CognitivPulse/lib/social/createAdminClient.ts","statementMap":{"0":{"start":{"line":2,"column":0},"end":{"line":2,"column":16}},"1":{"start":{"line":3,"column":2},"end":{"line":12,"column":4}},"2":{"start":{"line":4,"column":32},"end":{"line":11,"column":6}},"3":{"start":{"line":5,"column":21},"end":{"line":9,"column":8}},"4":{"start":{"line":6,"column":34},"end":{"line":8,"column":10}},"5":{"start":{"line":7,"column":25},"end":{"line":7,"column":37}},"6":{"start":{"line":10,"column":36},"end":{"line":10,"column":69}},"7":{"start":{"line":10,"column":64},"end":{"line":10,"column":66}}},"fnMap":{"0":{"name":"createAdminClient","decl":{"start":{"line":2,"column":16},"end":{"line":2,"column":33}},"loc":{"start":{"line":2,"column":33},"end":{"line":13,"column":1}}},"1":{"name":"(anonymous_1)","decl":{"start":{"line":4,"column":10},"end":{"line":4,"column":11}},"loc":{"start":{"line":4,"column":32},"end":{"line":11,"column":6}}},"2":{"name":"(anonymous_2)","decl":{"start":{"line":5,"column":14},"end":{"line":5,"column":17}},"loc":{"start":{"line":5,"column":21},"end":{"line":9,"column":8}}},"3":{"name":"(anonymous_3)","decl":{"start":{"line":6,"column":12},"end":{"line":6,"column":13}},"loc":{"start":{"line":6,"column":34},"end":{"line":8,"column":10}}},"4":{"name":"(anonymous_4)","decl":{"start":{"line":7,"column":18},"end":{"line":7,"column":21}},"loc":{"start":{"line":7,"column":25},"end":{"line":7,"column":37}}},"5":{"name":"(anonymous_5)","decl":{"start":{"line":10,"column":14},"end":{"line":10,"column":15}},"loc":{"start":{"line":10,"column":36},"end":{"line":10,"column":69}}},"6":{"name":"(anonymous_6)","decl":{"start":{"line":10,"column":42},"end":{"line":10,"column":43}},"loc":{"start":{"line":10,"column":64},"end":{"line":10,"column":66}}}},"branchMap":{},"s":{"0":2,"1":0,"2":0,"3":0,"4":0,"5":0,"6":0,"7":0},"f":{"0":0,"1":0,"2":0,"3":0,"4":0,"5":0,"6":0},"b":{}}
,"/Users/jai/Desktop/projects/CognitivPulse/lib/social/publisher.ts": {"path":"/Users/jai/Desktop/projects/CognitivPulse/lib/social/publisher.ts","statementMap":{"0":{"start":{"line":18,"column":0},"end":{"line":18,"column":7}},"1":{"start":{"line":1,"column":0},"end":{"line":1,"column":47}},"2":{"start":{"line":2,"column":0},"end":{"line":2,"column":45}},"3":{"start":{"line":3,"column":0},"end":{"line":3,"column":47}},"4":{"start":{"line":4,"column":0},"end":{"line":4,"column":49}},"5":{"start":{"line":5,"column":0},"end":{"line":5,"column":55}},"6":{"start":{"line":19,"column":23},"end":{"line":19,"column":35}},"7":{"start":{"line":21,"column":2},"end":{"line":64,"column":3}},"8":{"start":{"line":24,"column":4},"end":{"line":39,"column":5}},"9":{"start":{"line":26,"column":8},"end":{"line":26,"column":null}},"10":{"start":{"line":27,"column":8},"end":{"line":27,"column":13}},"11":{"start":{"line":29,"column":8},"end":{"line":29,"column":null}},"12":{"start":{"line":30,"column":8},"end":{"line":30,"column":13}},"13":{"start":{"line":32,"column":8},"end":{"line":32,"column":null}},"14":{"start":{"line":33,"column":8},"end":{"line":33,"column":13}},"15":{"start":{"line":35,"column":8},"end":{"line":35,"column":null}},"16":{"start":{"line":36,"column":8},"end":{"line":36,"column":13}},"17":{"start":{"line":38,"column":8},"end":{"line":38,"column":null}},"18":{"start":{"line":42,"column":21},"end":{"line":42,"column":40}},"19":{"start":{"line":43,"column":4},"end":{"line":50,"column":null}},"20":{"start":{"line":52,"column":4},"end":{"line":52,"column":null}},"21":{"start":{"line":54,"column":4},"end":{"line":54,"column":null}},"22":{"start":{"line":57,"column":21},"end":{"line":57,"column":40}},"23":{"start":{"line":58,"column":4},"end":{"line":61,"column":null}},"24":{"start":{"line":63,"column":4},"end":{"line":63,"column":null}}},"fnMap":{"0":{"name":"publishToSocialPlatforms","decl":{"start":{"line":18,"column":22},"end":{"line":18,"column":46}},"loc":{"start":{"line":18,"column":63},"end":{"line":65,"column":1}}}},"branchMap":{"0":{"loc":{"start":{"line":24,"column":4},"end":{"line":39,"column":5}},"type":"switch","locations":[{"start":{"line":25,"column":6},"end":{"line":27,"column":13}},{"start":{"line":28,"column":6},"end":{"line":30,"column":13}},{"start":{"line":31,"column":6},"end":{"line":33,"column":13}},{"start":{"line":34,"column":6},"end":{"line":36,"column":13}},{"start":{"line":37,"column":6},"end":{"line":38,"column":null}}]}},"s":{"0":1,"1":1,"2":1,"3":1,"4":1,"5":1,"6":0,"7":0,"8":0,"9":0,"10":0,"11":0,"12":0,"13":0,"14":0,"15":0,"16":0,"17":0,"18":0,"19":0,"20":0,"21":0,"22":0,"23":0,"24":0},"f":{"0":0},"b":{"0":[0,0,0,0,0]}}
,"/Users/jai/Desktop/projects/CognitivPulse/lib/social/platforms/facebook.ts": {"path":"/Users/jai/Desktop/projects/CognitivPulse/lib/social/platforms/facebook.ts","statementMap":{"0":{"start":{"line":3,"column":41},"end":{"line":3,"column":53}},"1":{"start":{"line":5,"column":25},"end":{"line":8,"column":null}},"2":{"start":{"line":11,"column":4},"end":{"line":21,"column":5}},"3":{"start":{"line":12,"column":6},"end":{"line":20,"column":7}},"4":{"start":{"line":14,"column":8},"end":{"line":14,"column":null}},"5":{"start":{"line":17,"column":8},"end":{"line":19,"column":null}},"6":{"start":{"line":17,"column":86},"end":{"line":19,"column":10}},"7":{"start":{"line":23,"column":21},"end":{"line":31,"column":null}},"8":{"start":{"line":34,"column":4},"end":{"line":37,"column":5}},"9":{"start":{"line":35,"column":20},"end":{"line":35,"column":41}},"10":{"start":{"line":36,"column":6},"end":{"line":36,"column":null}},"11":{"start":{"line":39,"column":4},"end":{"line":39,"column":null}},"12":{"start":{"line":43,"column":21},"end":{"line":44,"column":null}},"13":{"start":{"line":47,"column":4},"end":{"line":49,"column":5}},"14":{"start":{"line":48,"column":6},"end":{"line":48,"column":null}},"15":{"start":{"line":51,"column":4},"end":{"line":51,"column":null}},"16":{"start":{"line":1,"column":0},"end":{"line":1,"column":13}}},"fnMap":{"0":{"name":"(anonymous_0)","decl":{"start":{"line":2,"column":2},"end":{"line":2,"column":8}},"loc":{"start":{"line":2,"column":36},"end":{"line":40,"column":3}}},"1":{"name":"(anonymous_1)","decl":{"start":{"line":17,"column":53},"end":{"line":17,"column":54}},"loc":{"start":{"line":17,"column":86},"end":{"line":19,"column":10}}},"2":{"name":"(anonymous_2)","decl":{"start":{"line":42,"column":2},"end":{"line":42,"column":8}},"loc":{"start":{"line":42,"column":66},"end":{"line":52,"column":3}}}},"branchMap":{"0":{"loc":{"start":{"line":11,"column":4},"end":{"line":21,"column":5}},"type":"if","locations":[{"start":{"line":11,"column":4},"end":{"line":21,"column":5}},{"start":{},"end":{}}]},"1":{"loc":{"start":{"line":11,"column":8},"end":{"line":11,"column":53}},"type":"binary-expr","locations":[{"start":{"line":11,"column":8},"end":{"line":11,"column":23}},{"start":{"line":11,"column":27},"end":{"line":11,"column":53}}]},"2":{"loc":{"start":{"line":12,"column":6},"end":{"line":20,"column":7}},"type":"if","locations":[{"start":{"line":12,"column":6},"end":{"line":20,"column":7}},{"start":{"line":15,"column":13},"end":{"line":20,"column":7}}]},"3":{"loc":{"start":{"line":34,"column":4},"end":{"line":37,"column":5}},"type":"if","locations":[{"start":{"line":34,"column":4},"end":{"line":37,"column":5}},{"start":{},"end":{}}]},"4":{"loc":{"start":{"line":36,"column":45},"end":{"line":36,"column":84}},"type":"binary-expr","locations":[{"start":{"line":36,"column":45},"end":{"line":36,"column":65}},{"start":{"line":36,"column":69},"end":{"line":36,"column":84}}]},"5":{"loc":{"start":{"line":47,"column":4},"end":{"line":49,"column":5}},"type":"if","locations":[{"start":{"line":47,"column":4},"end":{"line":49,"column":5}},{"start":{},"end":{}}]}},"s":{"0":0,"1":0,"2":0,"3":0,"4":0,"5":0,"6":0,"7":0,"8":0,"9":0,"10":0,"11":0,"12":0,"13":0,"14":0,"15":0,"16":2},"f":{"0":0,"1":0,"2":0},"b":{"0":[0,0],"1":[0,0],"2":[0,0],"3":[0,0],"4":[0,0],"5":[0,0]}}
,"/Users/jai/Desktop/projects/CognitivPulse/lib/social/platforms/instagram.ts": {"path":"/Users/jai/Desktop/projects/CognitivPulse/lib/social/platforms/instagram.ts","statementMap":{"0":{"start":{"line":2,"column":40},"end":{"line":2,"column":52}},"1":{"start":{"line":3,"column":14},"end":{"line":3,"column":26}},"2":{"start":{"line":1,"column":0},"end":{"line":1,"column":13}}},"fnMap":{"0":{"name":"(anonymous_0)","decl":{"start":{"line":2,"column":2},"end":{"line":2,"column":8}},"loc":{"start":{"line":2,"column":36},"end":{"line":2,"column":54}}},"1":{"name":"(anonymous_1)","decl":{"start":{"line":3,"column":2},"end":{"line":3,"column":9}},"loc":{"start":{"line":3,"column":9},"end":{"line":3,"column":28}}}},"branchMap":{},"s":{"0":0,"1":0,"2":1},"f":{"0":0,"1":0},"b":{}}
,"/Users/jai/Desktop/projects/CognitivPulse/lib/social/platforms/linkedin.ts": {"path":"/Users/jai/Desktop/projects/CognitivPulse/lib/social/platforms/linkedin.ts","statementMap":{"0":{"start":{"line":2,"column":40},"end":{"line":2,"column":52}},"1":{"start":{"line":3,"column":14},"end":{"line":3,"column":26}},"2":{"start":{"line":1,"column":0},"end":{"line":1,"column":13}}},"fnMap":{"0":{"name":"(anonymous_0)","decl":{"start":{"line":2,"column":2},"end":{"line":2,"column":8}},"loc":{"start":{"line":2,"column":36},"end":{"line":2,"column":54}}},"1":{"name":"(anonymous_1)","decl":{"start":{"line":3,"column":2},"end":{"line":3,"column":9}},"loc":{"start":{"line":3,"column":9},"end":{"line":3,"column":28}}}},"branchMap":{},"s":{"0":0,"1":0,"2":1},"f":{"0":0,"1":0},"b":{}}
,"/Users/jai/Desktop/projects/CognitivPulse/lib/social/platforms/twitter.ts": {"path":"/Users/jai/Desktop/projects/CognitivPulse/lib/social/platforms/twitter.ts","statementMap":{"0":{"start":{"line":2,"column":40},"end":{"line":2,"column":52}},"1":{"start":{"line":3,"column":14},"end":{"line":3,"column":26}},"2":{"start":{"line":1,"column":0},"end":{"line":1,"column":13}}},"fnMap":{"0":{"name":"(anonymous_0)","decl":{"start":{"line":2,"column":2},"end":{"line":2,"column":8}},"loc":{"start":{"line":2,"column":36},"end":{"line":2,"column":54}}},"1":{"name":"(anonymous_1)","decl":{"start":{"line":3,"column":2},"end":{"line":3,"column":9}},"loc":{"start":{"line":3,"column":9},"end":{"line":3,"column":28}}}},"branchMap":{},"s":{"0":0,"1":0,"2":1},"f":{"0":0,"1":0},"b":{}}
,"/Users/jai/Desktop/projects/CognitivPulse/lib/stripe/config.ts": {"path":"/Users/jai/Desktop/projects/CognitivPulse/lib/stripe/config.ts","statementMap":{"0":{"start":{"line":2,"column":0},"end":{"line":2,"column":27}},"1":{"start":{"line":3,"column":13},"end":{"line":5,"column":null}},"2":{"start":{"line":7,"column":13},"end":{"line":84,"column":null}}},"fnMap":{},"branchMap":{},"s":{"0":1,"1":1,"2":1},"f":{},"b":{}}
,"/Users/jai/Desktop/projects/CognitivPulse/lib/supabase/auth.ts": {"path":"/Users/jai/Desktop/projects/CognitivPulse/lib/supabase/auth.ts","statementMap":{"0":{"start":{"line":1,"column":0},"end":{"line":1,"column":39}},"1":{"start":{"line":5,"column":10},"end":{"line":5,"column":null}},"2":{"start":{"line":8,"column":4},"end":{"line":51,"column":5}},"3":{"start":{"line":10,"column":51},"end":{"line":16,"column":8}},"4":{"start":{"line":18,"column":6},"end":{"line":18,"column":null}},"5":{"start":{"line":18,"column":21},"end":{"line":18,"column":null}},"6":{"start":{"line":21,"column":22},"end":{"line":21,"column":79}},"7":{"start":{"line":22,"column":49},"end":{"line":29,"column":17}},"8":{"start":{"line":31,"column":6},"end":{"line":31,"column":null}},"9":{"start":{"line":31,"column":20},"end":{"line":31,"column":null}},"10":{"start":{"line":34,"column":6},"end":{"line":45,"column":7}},"11":{"start":{"line":35,"column":40},"end":{"line":42,"column":12}},"12":{"start":{"line":44,"column":8},"end":{"line":44,"column":null}},"13":{"start":{"line":44,"column":26},"end":{"line":44,"column":null}},"14":{"start":{"line":47,"column":6},"end":{"line":47,"column":null}},"15":{"start":{"line":49,"column":6},"end":{"line":49,"column":null}},"16":{"start":{"line":50,"column":6},"end":{"line":50,"column":null}},"17":{"start":{"line":55,"column":28},"end":{"line":58,"column":6}},"18":{"start":{"line":60,"column":4},"end":{"line":60,"column":null}},"19":{"start":{"line":60,"column":15},"end":{"line":60,"column":null}},"20":{"start":{"line":61,"column":4},"end":{"line":61,"column":null}},"21":{"start":{"line":65,"column":22},"end":{"line":65,"column":56}},"22":{"start":{"line":66,"column":4},"end":{"line":66,"column":null}},"23":{"start":{"line":66,"column":15},"end":{"line":66,"column":null}},"24":{"start":{"line":70,"column":31},"end":{"line":70,"column":65}},"25":{"start":{"line":71,"column":4},"end":{"line":71,"column":null}},"26":{"start":{"line":75,"column":28},"end":{"line":82,"column":15}},"27":{"start":{"line":84,"column":4},"end":{"line":84,"column":null}},"28":{"start":{"line":84,"column":15},"end":{"line":84,"column":null}},"29":{"start":{"line":85,"column":4},"end":{"line":85,"column":null}},"30":{"start":{"line":4,"column":0},"end":{"line":4,"column":13}},"31":{"start":{"line":89,"column":13},"end":{"line":89,"column":null}}},"fnMap":{"0":{"name":"(anonymous_0)","decl":{"start":{"line":4,"column":0},"end":{"line":4,"column":13}},"loc":{"start":{"line":4,"column":0},"end":{"line":87,"column":1}}},"1":{"name":"(anonymous_1)","decl":{"start":{"line":7,"column":2},"end":{"line":7,"column":7}},"loc":{"start":{"line":7,"column":72},"end":{"line":52,"column":3}}},"2":{"name":"(anonymous_2)","decl":{"start":{"line":54,"column":2},"end":{"line":54,"column":7}},"loc":{"start":{"line":54,"column":46},"end":{"line":62,"column":3}}},"3":{"name":"(anonymous_3)","decl":{"start":{"line":64,"column":2},"end":{"line":64,"column":7}},"loc":{"start":{"line":64,"column":15},"end":{"line":67,"column":3}}},"4":{"name":"(anonymous_4)","decl":{"start":{"line":69,"column":2},"end":{"line":69,"column":7}},"loc":{"start":{"line":69,"column":22},"end":{"line":72,"column":3}}},"5":{"name":"(anonymous_5)","decl":{"start":{"line":74,"column":2},"end":{"line":74,"column":7}},"loc":{"start":{"line":74,"column":37},"end":{"line":86,"column":3}}}},"branchMap":{"0":{"loc":{"start":{"line":18,"column":6},"end":{"line":18,"column":null}},"type":"if","locations":[{"start":{"line":18,"column":6},"end":{"line":18,"column":null}},{"start":{},"end":{}}]},"1":{"loc":{"start":{"line":31,"column":6},"end":{"line":31,"column":null}},"type":"if","locations":[{"start":{"line":31,"column":6},"end":{"line":31,"column":null}},{"start":{},"end":{}}]},"2":{"loc":{"start":{"line":34,"column":6},"end":{"line":45,"column":7}},"type":"if","locations":[{"start":{"line":34,"column":6},"end":{"line":45,"column":7}},{"start":{},"end":{}}]},"3":{"loc":{"start":{"line":44,"column":8},"end":{"line":44,"column":null}},"type":"if","locations":[{"start":{"line":44,"column":8},"end":{"line":44,"column":null}},{"start":{},"end":{}}]},"4":{"loc":{"start":{"line":60,"column":4},"end":{"line":60,"column":null}},"type":"if","locations":[{"start":{"line":60,"column":4},"end":{"line":60,"column":null}},{"start":{},"end":{}}]},"5":{"loc":{"start":{"line":66,"column":4},"end":{"line":66,"column":null}},"type":"if","locations":[{"start":{"line":66,"column":4},"end":{"line":66,"column":null}},{"start":{},"end":{}}]},"6":{"loc":{"start":{"line":84,"column":4},"end":{"line":84,"column":null}},"type":"if","locations":[{"start":{"line":84,"column":4},"end":{"line":84,"column":null}},{"start":{},"end":{}}]}},"s":{"0":1,"1":1,"2":0,"3":0,"4":0,"5":0,"6":0,"7":0,"8":0,"9":0,"10":0,"11":0,"12":0,"13":0,"14":0,"15":0,"16":0,"17":0,"18":0,"19":0,"20":0,"21":0,"22":0,"23":0,"24":0,"25":0,"26":0,"27":0,"28":0,"29":0,"30":1,"31":1},"f":{"0":1,"1":0,"2":0,"3":0,"4":0,"5":0},"b":{"0":[0,0],"1":[0,0],"2":[0,0],"3":[0,0],"4":[0,0],"5":[0,0],"6":[0,0]}}
,"/Users/jai/Desktop/projects/CognitivPulse/lib/supabase/client.ts": {"path":"/Users/jai/Desktop/projects/CognitivPulse/lib/supabase/client.ts","statementMap":{"0":{"start":{"line":1,"column":0},"end":{"line":1,"column":75}},"1":{"start":{"line":2,"column":0},"end":{"line":2,"column":75}},"2":{"start":{"line":3,"column":0},"end":{"line":3,"column":38}},"3":{"start":{"line":7,"column":28},"end":{"line":7,"column":88}},"4":{"start":{"line":7,"column":49},"end":{"line":7,"column":88}},"5":{"start":{"line":7,"column":13},"end":{"line":7,"column":28}},"6":{"start":{"line":10,"column":34},"end":{"line":13,"column":1}},"7":{"start":{"line":11,"column":22},"end":{"line":11,"column":31}},"8":{"start":{"line":12,"column":2},"end":{"line":12,"column":null}},"9":{"start":{"line":12,"column":64},"end":{"line":12,"column":75}},"10":{"start":{"line":10,"column":13},"end":{"line":10,"column":34}},"11":{"start":{"line":18,"column":33},"end":{"line":23,"column":1}},"12":{"start":{"line":19,"column":2},"end":{"line":22,"column":null}},"13":{"start":{"line":18,"column":13},"end":{"line":18,"column":33}}},"fnMap":{"0":{"name":"(anonymous_0)","decl":{"start":{"line":7,"column":28},"end":{"line":7,"column":29}},"loc":{"start":{"line":7,"column":49},"end":{"line":7,"column":88}}},"1":{"name":"(anonymous_1)","decl":{"start":{"line":10,"column":34},"end":{"line":10,"column":37}},"loc":{"start":{"line":10,"column":39},"end":{"line":13,"column":1}}},"2":{"name":"(anonymous_2)","decl":{"start":{"line":12,"column":58},"end":{"line":12,"column":61}},"loc":{"start":{"line":12,"column":64},"end":{"line":12,"column":75}}},"3":{"name":"(anonymous_3)","decl":{"start":{"line":18,"column":33},"end":{"line":18,"column":36}},"loc":{"start":{"line":18,"column":38},"end":{"line":23,"column":1}}}},"branchMap":{},"s":{"0":0,"1":0,"2":0,"3":0,"4":0,"5":0,"6":0,"7":0,"8":0,"9":0,"10":0,"11":0,"12":0,"13":0},"f":{"0":0,"1":0,"2":0,"3":0},"b":{}}
,"/Users/jai/Desktop/projects/CognitivPulse/lib/supabase/server.ts": {"path":"/Users/jai/Desktop/projects/CognitivPulse/lib/supabase/server.ts","statementMap":{"0":{"start":{"line":2,"column":0},"end":{"line":2,"column":16}},"1":{"start":{"line":2,"column":39},"end":{"line":2,"column":56}}},"fnMap":{"0":{"name":"createServerClient","decl":{"start":{"line":2,"column":16},"end":{"line":2,"column":34}},"loc":{"start":{"line":2,"column":34},"end":{"line":2,"column":57}}}},"branchMap":{},"s":{"0":0,"1":0},"f":{"0":0},"b":{}}
}
