TN:
SF:app/api/billing/create-subscription/route.ts
FN:12,POST
FNF:1
FNH:0
FNDA:0,POST
DA:1,1
DA:2,0
DA:3,0
DA:4,0
DA:6,0
DA:12,1
DA:13,0
DA:14,0
DA:16,0
DA:17,0
DA:18,0
DA:21,0
DA:22,0
DA:25,0
DA:34,0
DA:35,0
DA:38,0
DA:41,0
DA:42,0
DA:51,0
DA:54,0
DA:61,0
DA:85,0
DA:91,0
DA:92,0
DA:98,0
DA:99,0
LF:27
LH:2
BRDA:17,0,0,0
BRDA:17,0,1,0
BRDA:34,1,0,0
BRDA:34,1,1,0
BRDA:41,2,0,0
BRDA:41,2,1,0
BRDA:91,3,0,0
BRDA:91,3,1,0
BRF:8
BRH:0
end_of_record
TN:
SF:app/api/billing/portal/route.ts
FN:5,POST
FNF:1
FNH:0
FNDA:0,POST
DA:1,0
DA:2,0
DA:3,0
DA:5,0
DA:6,0
DA:7,0
DA:9,0
DA:10,0
DA:11,0
DA:14,0
DA:17,0
DA:25,0
DA:26,0
DA:33,0
DA:38,0
DA:41,0
DA:42,0
LF:17
LH:0
BRDA:10,0,0,0
BRDA:10,0,1,0
BRDA:25,1,0,0
BRDA:25,1,1,0
BRDA:35,2,0,0
BRDA:35,2,1,0
BRF:6
BRH:0
end_of_record
TN:
SF:app/api/campaigns/route.ts
FN:13,GET
FN:55,POST
FN:96,(anonymous_2)
FN:129,addToEmailQueue
FNF:4
FNH:0
FNDA:0,GET
FNDA:0,POST
FNDA:0,(anonymous_2)
FNDA:0,addToEmailQueue
DA:1,0
DA:2,0
DA:3,0
DA:5,0
DA:13,0
DA:14,0
DA:15,0
DA:17,0
DA:18,0
DA:19,0
DA:23,0
DA:29,0
DA:30,0
DA:34,0
DA:43,0
DA:45,0
DA:47,0
DA:48,0
DA:55,0
DA:56,0
DA:57,0
DA:59,0
DA:60,0
DA:61,0
DA:64,0
DA:65,0
DA:68,0
DA:74,0
DA:75,0
DA:79,0
DA:93,0
DA:96,0
DA:101,0
DA:105,0
DA:108,0
DA:109,0
DA:112,0
DA:114,0
DA:115,0
DA:121,0
DA:122,0
DA:132,0
LF:42
LH:0
BRDA:18,0,0,0
BRDA:18,0,1,0
BRDA:29,1,0,0
BRDA:29,1,1,0
BRDA:43,2,0,0
BRDA:43,2,1,0
BRDA:60,3,0,0
BRDA:60,3,1,0
BRDA:74,4,0,0
BRDA:74,4,1,0
BRDA:88,5,0,0
BRDA:88,5,1,0
BRDA:93,6,0,0
BRDA:93,6,1,0
BRDA:105,7,0,0
BRDA:105,7,1,0
BRDA:108,8,0,0
BRDA:108,8,1,0
BRDA:114,9,0,0
BRDA:114,9,1,0
BRF:20
BRH:0
end_of_record
TN:
SF:app/api/social/posts/route.ts
FN:14,POST
FNF:1
FNH:0
FNDA:0,POST
DA:1,0
DA:2,0
DA:3,0
DA:4,0
DA:6,0
DA:14,0
DA:15,0
DA:16,0
DA:18,0
DA:19,0
DA:20,0
DA:23,0
DA:24,0
DA:27,0
DA:33,0
DA:34,0
DA:38,0
DA:40,0
DA:41,0
DA:57,0
DA:58,0
DA:62,0
DA:63,0
DA:64,0
DA:65,0
DA:67,0
DA:72,0
DA:74,0
DA:75,0
DA:81,0
DA:82,0
LF:31
LH:0
BRDA:19,0,0,0
BRDA:19,0,1,0
BRDA:33,1,0,0
BRDA:33,1,1,0
BRDA:47,2,0,0
BRDA:47,2,1,0
BRDA:49,3,0,0
BRDA:49,3,1,0
BRDA:57,4,0,0
BRDA:57,4,1,0
BRDA:62,5,0,0
BRDA:62,5,1,0
BRDA:74,6,0,0
BRDA:74,6,1,0
BRF:14
BRH:0
end_of_record
TN:
SF:app/api/webhooks/stripe/route.ts
FN:7,POST
FN:77,handleCheckoutCompleted
FN:93,handleSubscriptionUpdated
FN:106,handleSubscriptionDeleted
FN:119,handlePaymentSucceeded
FN:133,handlePaymentFailed
FN:147,getPlanFromPriceId
FNF:7
FNH:0
FNDA:0,POST
FNDA:0,handleCheckoutCompleted
FNDA:0,handleSubscriptionUpdated
FNDA:0,handleSubscriptionDeleted
FNDA:0,handlePaymentSucceeded
FNDA:0,handlePaymentFailed
FNDA:0,getPlanFromPriceId
DA:1,0
DA:2,0
DA:3,0
DA:4,0
DA:7,0
DA:8,0
DA:9,0
DA:13,0
DA:14,0
DA:20,0
DA:21,0
DA:27,0
DA:29,0
DA:30,0
DA:32,0
DA:33,0
DA:34,0
DA:39,0
DA:40,0
DA:41,0
DA:45,0
DA:46,0
DA:47,0
DA:51,0
DA:52,0
DA:53,0
DA:57,0
DA:58,0
DA:59,0
DA:63,0
DA:66,0
DA:69,0
DA:70,0
DA:78,0
DA:79,0
DA:81,0
DA:83,0
DA:94,0
DA:95,0
DA:97,0
DA:107,0
DA:108,0
DA:110,0
DA:121,0
DA:122,0
DA:124,0
DA:135,0
DA:136,0
DA:138,0
DA:148,0
DA:153,0
LF:51
LH:0
BRDA:30,0,0,0
BRDA:30,0,1,0
BRDA:30,0,2,0
BRDA:30,0,3,0
BRDA:30,0,4,0
BRDA:30,0,5,0
BRDA:30,0,6,0
BRDA:79,1,0,0
BRDA:79,1,1,0
BRDA:95,2,0,0
BRDA:95,2,1,0
BRDA:108,3,0,0
BRDA:108,3,1,0
BRDA:122,4,0,0
BRDA:122,4,1,0
BRDA:136,5,0,0
BRDA:136,5,1,0
BRDA:153,6,0,0
BRDA:153,6,1,0
BRF:19
BRH:0
end_of_record
TN:
SF:components/analytics/dashboard.tsx
FN:11,AnalyticsDashboard
FN:68,(anonymous_1)
FN:123,(anonymous_2)
FN:128,(anonymous_3)
FNF:4
FNH:0
FNDA:0,AnalyticsDashboard
FNDA:0,(anonymous_1)
FNDA:0,(anonymous_2)
FNDA:0,(anonymous_3)
DA:3,0
DA:4,0
DA:5,0
DA:6,0
DA:7,0
DA:8,0
DA:9,0
DA:11,0
DA:12,0
DA:13,0
DA:15,0
DA:46,0
DA:47,0
DA:50,0
DA:69,0
DA:123,0
DA:129,0
LF:17
LH:0
BRDA:18,0,0,0
BRDA:18,0,1,0
BRDA:25,1,0,0
BRDA:25,1,1,0
BRDA:32,2,0,0
BRDA:32,2,1,0
BRDA:39,3,0,0
BRDA:39,3,1,0
BRDA:46,4,0,0
BRDA:46,4,1,0
BRDA:100,5,0,0
BRDA:100,5,1,0
BRDA:119,6,0,0
BRDA:119,6,1,0
BRDA:123,7,0,0
BRDA:123,7,1,0
BRDA:128,8,0,0
BRDA:128,8,1,0
BRDA:145,9,0,0
BRDA:145,9,1,0
BRDA:165,10,0,0
BRDA:165,10,1,0
BRDA:184,11,0,0
BRDA:184,11,1,0
BRDA:205,12,0,0
BRDA:205,12,1,0
BRDA:224,13,0,0
BRDA:224,13,1,0
BRF:28
BRH:0
end_of_record
TN:
SF:components/automation/workflow-builder.tsx
FN:34,WorkflowBuilder
FN:83,(anonymous_1)
FN:93,(anonymous_2)
FN:99,(anonymous_3)
FN:100,(anonymous_4)
FN:102,(anonymous_5)
FN:108,(anonymous_6)
FN:109,(anonymous_7)
FN:111,(anonymous_8)
FN:116,(anonymous_9)
FN:121,(anonymous_10)
FN:129,(anonymous_11)
FN:134,(anonymous_12)
FN:155,(anonymous_13)
FN:155,(anonymous_14)
FN:166,(anonymous_15)
FN:166,(anonymous_16)
FN:181,(anonymous_17)
FN:191,(anonymous_18)
FN:193,(anonymous_19)
FN:216,(anonymous_20)
FN:224,(anonymous_21)
FN:232,WorkflowStepNode
FN:239,(anonymous_23)
FN:264,StepPropertiesPanel
FN:271,(anonymous_25)
FN:288,(anonymous_26)
FN:304,(anonymous_27)
FN:314,(anonymous_28)
FN:327,(anonymous_29)
FN:327,(anonymous_30)
FN:342,(anonymous_31)
FN:353,getDefaultStepData
FN:368,getStepDescription
FNF:34
FNH:0
FNDA:0,WorkflowBuilder
FNDA:0,(anonymous_1)
FNDA:0,(anonymous_2)
FNDA:0,(anonymous_3)
FNDA:0,(anonymous_4)
FNDA:0,(anonymous_5)
FNDA:0,(anonymous_6)
FNDA:0,(anonymous_7)
FNDA:0,(anonymous_8)
FNDA:0,(anonymous_9)
FNDA:0,(anonymous_10)
FNDA:0,(anonymous_11)
FNDA:0,(anonymous_12)
FNDA:0,(anonymous_13)
FNDA:0,(anonymous_14)
FNDA:0,(anonymous_15)
FNDA:0,(anonymous_16)
FNDA:0,(anonymous_17)
FNDA:0,(anonymous_18)
FNDA:0,(anonymous_19)
FNDA:0,(anonymous_20)
FNDA:0,(anonymous_21)
FNDA:0,WorkflowStepNode
FNDA:0,(anonymous_23)
FNDA:0,StepPropertiesPanel
FNDA:0,(anonymous_25)
FNDA:0,(anonymous_26)
FNDA:0,(anonymous_27)
FNDA:0,(anonymous_28)
FNDA:0,(anonymous_29)
FNDA:0,(anonymous_30)
FNDA:0,(anonymous_31)
FNDA:0,getDefaultStepData
FNDA:0,getStepDescription
DA:3,0
DA:5,0
DA:6,0
DA:7,0
DA:8,0
DA:9,0
DA:11,0
DA:12,0
DA:34,0
DA:35,0
DA:42,0
DA:44,0
DA:83,0
DA:84,0
DA:93,0
DA:99,0
DA:100,0
DA:103,0
DA:108,0
DA:109,0
DA:111,0
DA:113,0
DA:116,0
DA:118,0
DA:121,0
DA:123,0
DA:130,0
DA:134,0
DA:155,0
DA:166,0
DA:182,0
DA:191,0
DA:193,0
DA:216,0
DA:224,0
DA:239,0
DA:241,0
DA:271,0
DA:272,0
DA:280,0
DA:282,0
DA:288,0
DA:304,0
DA:314,0
DA:321,0
DA:327,0
DA:335,0
DA:342,0
DA:349,0
DA:354,0
DA:356,0
DA:358,0
DA:360,0
DA:362,0
DA:364,0
DA:369,0
DA:371,0
DA:373,0
DA:375,0
DA:377,0
DA:381,0
LF:61
LH:0
BRDA:103,0,0,0
BRDA:103,0,1,0
BRDA:158,1,0,0
BRDA:158,1,1,0
BRDA:159,2,0,0
BRDA:159,2,1,0
BRDA:168,3,0,0
BRDA:168,3,1,0
BRDA:169,4,0,0
BRDA:169,4,1,0
BRDA:185,5,0,0
BRDA:185,5,1,0
BRDA:197,6,0,0
BRDA:197,6,1,0
BRDA:209,7,0,0
BRDA:209,7,1,0
BRDA:246,8,0,0
BRDA:246,8,1,0
BRDA:251,9,0,0
BRDA:251,9,1,0
BRDA:280,10,0,0
BRDA:280,10,1,0
BRDA:280,10,2,0
BRDA:280,10,3,0
BRDA:303,11,0,0
BRDA:303,11,1,0
BRDA:313,12,0,0
BRDA:313,12,1,0
BRDA:326,13,0,0
BRDA:326,13,1,0
BRDA:341,14,0,0
BRDA:341,14,1,0
BRDA:354,15,0,0
BRDA:354,15,1,0
BRDA:354,15,2,0
BRDA:354,15,3,0
BRDA:354,15,4,0
BRDA:369,16,0,0
BRDA:369,16,1,0
BRDA:369,16,2,0
BRDA:369,16,3,0
BRDA:371,17,0,0
BRDA:371,17,1,0
BRDA:373,18,0,0
BRDA:373,18,1,0
BRDA:375,19,0,0
BRDA:375,19,1,0
BRF:47
BRH:0
end_of_record
TN:
SF:components/billing/billing-dashboard.tsx
FN:12,BillingDashboard
FN:18,(anonymous_1)
FN:36,(anonymous_2)
FN:98,(anonymous_3)
FN:117,(anonymous_4)
FN:129,(anonymous_5)
FN:148,(anonymous_6)
FNF:7
FNH:0
FNDA:0,BillingDashboard
FNDA:0,(anonymous_1)
FNDA:0,(anonymous_2)
FNDA:0,(anonymous_3)
FNDA:0,(anonymous_4)
FNDA:0,(anonymous_5)
FNDA:0,(anonymous_6)
DA:3,0
DA:4,0
DA:5,0
DA:6,0
DA:7,0
DA:8,0
DA:9,0
DA:10,0
DA:12,0
DA:13,0
DA:14,0
DA:16,0
DA:18,0
DA:19,0
DA:21,0
DA:22,0
DA:23,0
DA:24,0
DA:30,0
DA:32,0
DA:36,0
DA:37,0
DA:38,0
DA:39,0
DA:41,0
DA:43,0
DA:47,0
DA:99,0
DA:118,0
DA:129,0
DA:149,0
LF:31
LH:0
BRDA:16,0,0,0
BRDA:16,0,1,0
BRDA:19,1,0,0
BRDA:19,1,1,0
BRDA:61,2,0,0
BRDA:61,2,1,0
BRDA:62,3,0,0
BRDA:62,3,1,0
BRDA:71,4,0,0
BRDA:71,4,1,0
BRDA:76,5,0,0
BRDA:76,5,1,0
BRDA:78,6,0,0
BRDA:78,6,1,0
BRDA:84,7,0,0
BRDA:84,7,1,0
BRDA:101,8,0,0
BRDA:101,8,1,0
BRDA:103,9,0,0
BRDA:103,9,1,0
BRDA:110,10,0,0
BRDA:110,10,1,0
BRDA:111,11,0,0
BRDA:111,11,1,0
BRDA:127,12,0,0
BRDA:127,12,1,0
BRDA:128,13,0,0
BRDA:128,13,1,0
BRDA:131,14,0,0
BRDA:131,14,1,0
BRDA:132,15,0,0
BRDA:132,15,1,0
BRDA:141,16,0,0
BRDA:141,16,1,0
BRDA:141,16,2,0
BRDA:159,17,0,0
BRDA:159,17,1,0
BRDA:162,18,0,0
BRDA:162,18,1,0
BRF:39
BRH:0
end_of_record
TN:
SF:components/dashboard/sidebar.tsx
FN:30,Sidebar
FN:40,(anonymous_2)
FNF:2
FNH:0
FNDA:0,Sidebar
FNDA:0,(anonymous_2)
DA:3,0
DA:4,0
DA:5,0
DA:7,0
DA:18,0
DA:30,0
DA:31,0
DA:33,0
DA:41,0
DA:42,0
LF:10
LH:0
BRDA:48,0,0,0
BRDA:48,0,1,0
BRDA:56,1,0,0
BRDA:56,1,1,0
BRF:4
BRH:0
end_of_record
TN:
SF:components/email/campaign-builder.tsx
FN:25,CampaignBuilder
FN:39,(anonymous_10)
FN:85,(anonymous_11)
FN:95,(anonymous_12)
FN:101,(anonymous_13)
FN:107,(anonymous_14)
FN:117,(anonymous_15)
FN:123,(anonymous_16)
FN:129,(anonymous_17)
FN:149,(anonymous_18)
FNF:10
FNH:0
FNDA:0,CampaignBuilder
FNDA:0,(anonymous_10)
FNDA:0,(anonymous_11)
FNDA:0,(anonymous_12)
FNDA:0,(anonymous_13)
FNDA:0,(anonymous_14)
FNDA:0,(anonymous_15)
FNDA:0,(anonymous_16)
FNDA:0,(anonymous_17)
FNDA:0,(anonymous_18)
DA:3,0
DA:4,0
DA:5,0
DA:6,0
DA:7,0
DA:8,0
DA:9,0
DA:10,0
DA:11,0
DA:12,0
DA:13,0
DA:15,0
DA:25,0
DA:26,0
DA:27,0
DA:35,0
DA:39,0
DA:40,0
DA:41,0
DA:43,0
DA:47,0
DA:85,0
DA:95,0
DA:101,0
DA:107,0
DA:117,0
DA:123,0
DA:129,0
DA:149,0
LF:29
LH:0
BRDA:66,0,0,0
BRDA:66,0,1,0
BRDA:78,1,0,0
BRDA:78,1,1,0
BRDA:116,2,0,0
BRDA:116,2,1,0
BRDA:142,3,0,0
BRDA:142,3,1,0
BRF:8
BRH:0
end_of_record
TN:
SF:components/email/contact-selector.tsx
FN:6,(anonymous_0)
FNF:1
FNH:0
FNDA:0,(anonymous_0)
DA:6,0
DA:7,0
LF:2
LH:0
BRF:0
BRH:0
end_of_record
TN:
SF:components/email/email-editor.tsx
FN:13,EmailEditor
FN:46,(anonymous_1)
FN:57,(anonymous_2)
FN:62,(anonymous_3)
FN:81,(anonymous_4)
FNF:5
FNH:0
FNDA:0,EmailEditor
FNDA:0,(anonymous_1)
FNDA:0,(anonymous_2)
FNDA:0,(anonymous_3)
FNDA:0,(anonymous_4)
DA:3,0
DA:4,0
DA:5,0
DA:6,0
DA:13,0
DA:14,0
DA:16,0
DA:44,0
DA:46,0
DA:58,0
DA:62,0
DA:81,0
LF:12
LH:0
BRDA:72,0,0,0
BRDA:72,0,1,0
BRF:2
BRH:0
end_of_record
TN:
SF:components/landing-pages/page-builder.tsx
FN:27,PageBuilder
FN:39,(anonymous_1)
FN:53,(anonymous_2)
FN:54,(anonymous_3)
FN:64,(anonymous_4)
FN:65,(anonymous_5)
FN:72,(anonymous_6)
FN:90,(anonymous_7)
FN:96,(anonymous_8)
FN:110,(anonymous_9)
FN:115,(anonymous_10)
FN:128,(anonymous_11)
FN:136,(anonymous_12)
FN:142,(anonymous_13)
FN:144,(anonymous_14)
FN:152,(anonymous_15)
FN:159,(anonymous_16)
FN:183,(anonymous_17)
FN:184,(anonymous_18)
FN:192,ElementRenderer
FN:224,(anonymous_20)
FN:246,ElementProperties
FN:247,(anonymous_22)
FN:256,(anonymous_23)
FN:273,(anonymous_24)
FN:281,(anonymous_25)
FN:293,(anonymous_26)
FN:301,(anonymous_27)
FN:313,(anonymous_28)
FN:321,(anonymous_29)
FN:328,(anonymous_30)
FN:338,getDefaultContent
FN:361,getDefaultStyles
FNF:33
FNH:0
FNDA:0,PageBuilder
FNDA:0,(anonymous_1)
FNDA:0,(anonymous_2)
FNDA:0,(anonymous_3)
FNDA:0,(anonymous_4)
FNDA:0,(anonymous_5)
FNDA:0,(anonymous_6)
FNDA:0,(anonymous_7)
FNDA:0,(anonymous_8)
FNDA:0,(anonymous_9)
FNDA:0,(anonymous_10)
FNDA:0,(anonymous_11)
FNDA:0,(anonymous_12)
FNDA:0,(anonymous_13)
FNDA:0,(anonymous_14)
FNDA:0,(anonymous_15)
FNDA:0,(anonymous_16)
FNDA:0,(anonymous_17)
FNDA:0,(anonymous_18)
FNDA:0,ElementRenderer
FNDA:0,(anonymous_20)
FNDA:0,ElementProperties
FNDA:0,(anonymous_22)
FNDA:0,(anonymous_23)
FNDA:0,(anonymous_24)
FNDA:0,(anonymous_25)
FNDA:0,(anonymous_26)
FNDA:0,(anonymous_27)
FNDA:0,(anonymous_28)
FNDA:0,(anonymous_29)
FNDA:0,(anonymous_30)
FNDA:0,getDefaultContent
FNDA:0,getDefaultStyles
DA:3,0
DA:4,0
DA:5,0
DA:7,0
DA:8,0
DA:9,0
DA:10,0
DA:27,0
DA:28,0
DA:29,0
DA:31,0
DA:39,0
DA:40,0
DA:47,0
DA:53,0
DA:54,0
DA:55,0
DA:58,0
DA:64,0
DA:65,0
DA:66,0
DA:72,0
DA:73,0
DA:75,0
DA:76,0
DA:77,0
DA:79,0
DA:85,0
DA:86,0
DA:90,0
DA:97,0
DA:104,0
DA:111,0
DA:115,0
DA:128,0
DA:137,0
DA:143,0
DA:145,0
DA:152,0
DA:160,0
DA:161,0
DA:183,0
DA:184,0
DA:193,0
DA:195,0
DA:201,0
DA:207,0
DA:216,0
DA:222,0
DA:225,0
DA:242,0
DA:247,0
DA:248,0
DA:256,0
DA:257,0
DA:265,0
DA:273,0
DA:281,0
DA:293,0
DA:301,0
DA:313,0
DA:321,0
DA:328,0
DA:339,0
DA:341,0
DA:343,0
DA:345,0
DA:347,0
DA:349,0
DA:357,0
DA:362,0
DA:364,0
DA:366,0
DA:368,0
DA:370,0
DA:380,0
DA:382,0
LF:77
LH:0
BRDA:55,0,0,0
BRDA:55,0,1,0
BRDA:73,1,0,0
BRDA:73,1,1,0
BRDA:85,2,0,0
BRDA:85,2,1,0
BRDA:150,3,0,0
BRDA:150,3,1,0
BRDA:181,4,0,0
BRDA:181,4,1,0
BRDA:193,5,0,0
BRDA:193,5,1,0
BRDA:193,5,2,0
BRDA:193,5,3,0
BRDA:193,5,4,0
BRDA:193,5,5,0
BRDA:209,6,0,0
BRDA:209,6,1,0
BRDA:267,7,0,0
BRDA:267,7,1,0
BRDA:280,8,0,0
BRDA:280,8,1,0
BRDA:287,9,0,0
BRDA:287,9,1,0
BRDA:300,10,0,0
BRDA:300,10,1,0
BRDA:307,11,0,0
BRDA:307,11,1,0
BRDA:320,12,0,0
BRDA:320,12,1,0
BRDA:327,13,0,0
BRDA:327,13,1,0
BRDA:339,14,0,0
BRDA:339,14,1,0
BRDA:339,14,2,0
BRDA:339,14,3,0
BRDA:339,14,4,0
BRDA:339,14,5,0
BRDA:362,15,0,0
BRDA:362,15,1,0
BRDA:362,15,2,0
BRDA:362,15,3,0
BRDA:362,15,4,0
BRDA:362,15,5,0
BRF:44
BRH:0
end_of_record
TN:
SF:components/social-media/post-scheduler.tsx
FN:27,PostScheduler
FN:47,(anonymous_10)
FN:58,(anonymous_11)
FN:61,(anonymous_12)
FN:84,(anonymous_13)
FN:90,(anonymous_14)
FN:106,(anonymous_15)
FN:130,(anonymous_16)
FNF:8
FNH:0
FNDA:0,PostScheduler
FNDA:0,(anonymous_10)
FNDA:0,(anonymous_11)
FNDA:0,(anonymous_12)
FNDA:0,(anonymous_13)
FNDA:0,(anonymous_14)
FNDA:0,(anonymous_15)
FNDA:0,(anonymous_16)
DA:3,0
DA:4,0
DA:5,0
DA:6,0
DA:7,0
DA:8,0
DA:10,0
DA:11,0
DA:12,0
DA:13,0
DA:14,0
DA:15,0
DA:16,0
DA:18,0
DA:27,0
DA:28,0
DA:29,0
DA:37,0
DA:44,0
DA:45,0
DA:47,0
DA:48,0
DA:49,0
DA:54,0
DA:58,0
DA:59,0
DA:60,0
DA:61,0
DA:63,0
DA:66,0
DA:85,0
DA:90,0
DA:106,0
DA:130,0
LF:34
LH:0
BRDA:51,0,0,0
BRDA:51,0,1,0
BRDA:59,1,0,0
BRDA:59,1,1,0
BRDA:60,2,0,0
BRDA:60,2,1,0
BRDA:76,3,0,0
BRDA:76,3,1,0
BRDA:88,4,0,0
BRDA:88,4,1,0
BRDA:97,5,0,0
BRDA:97,5,1,0
BRDA:109,6,0,0
BRDA:109,6,1,0
BRDA:112,7,0,0
BRDA:112,7,1,0
BRDA:119,8,0,0
BRDA:119,8,1,0
BRDA:123,9,0,0
BRDA:123,9,1,0
BRDA:143,10,0,0
BRDA:143,10,1,0
BRF:22
BRH:0
end_of_record
TN:
SF:components/ui/badge.tsx
FN:9,(anonymous_0)
FNF:1
FNH:1
FNDA:1,(anonymous_0)
DA:9,1
DA:12,1
DA:15,1
DA:20,1
LF:4
LH:4
BRDA:9,0,0,1
BRDA:9,1,0,1
BRDA:12,2,0,0
BRDA:12,2,1,1
BRDA:13,3,0,0
BRDA:13,3,1,1
BRF:6
BRH:4
end_of_record
TN:
SF:components/ui/button.tsx
FN:39,(anonymous_9)
FNF:1
FNH:1
FNDA:3,(anonymous_9)
DA:1,1
DA:2,1
DA:3,1
DA:4,1
DA:6,1
DA:38,1
DA:40,3
DA:41,3
DA:50,1
DA:52,1
LF:10
LH:10
BRDA:39,0,0,2
BRDA:40,1,0,1
BRDA:40,1,1,2
BRF:3
BRH:3
end_of_record
TN:
SF:components/ui/calendar.tsx
FN:8,(anonymous_0)
FN:9,(anonymous_1)
FNF:2
FNH:1
FNDA:1,(anonymous_0)
FNDA:0,(anonymous_1)
DA:8,1
DA:9,1
DA:12,1
LF:3
LH:3
BRF:0
BRH:0
end_of_record
TN:
SF:components/ui/card.tsx
FN:4,Card
FN:7,CardContent
FN:10,CardHeader
FN:13,CardTitle
FNF:4
FNH:1
FNDA:1,Card
FNDA:0,CardContent
FNDA:0,CardHeader
FNDA:0,CardTitle
DA:4,1
DA:5,1
DA:7,1
DA:8,0
DA:10,1
DA:11,0
DA:13,1
DA:14,0
LF:8
LH:5
BRDA:4,0,0,1
BRDA:7,1,0,0
BRDA:10,2,0,0
BRDA:13,3,0,0
BRF:4
BRH:1
end_of_record
TN:
SF:components/ui/input.tsx
FN:3,Input
FNF:1
FNH:1
FNDA:1,Input
DA:3,1
DA:4,1
LF:2
LH:2
BRF:0
BRH:0
end_of_record
TN:
SF:components/ui/label.tsx
FN:3,Label
FNF:1
FNH:1
FNDA:1,Label
DA:3,1
DA:4,1
LF:2
LH:2
BRF:0
BRH:0
end_of_record
TN:
SF:components/ui/popover.tsx
FN:4,(anonymous_0)
FN:7,(anonymous_1)
FN:11,(anonymous_2)
FNF:3
FNH:1
FNDA:1,(anonymous_0)
FNDA:0,(anonymous_1)
FNDA:0,(anonymous_2)
DA:4,1
DA:7,1
DA:8,0
DA:11,1
LF:4
LH:3
BRDA:8,0,0,0
BRDA:8,0,1,0
BRF:2
BRH:0
end_of_record
TN:
SF:components/ui/select.tsx
FN:4,Select
FN:5,(anonymous_1)
FN:8,SelectContent
FN:12,SelectItem
FN:16,SelectTrigger
FN:20,SelectValue
FNF:6
FNH:1
FNDA:1,Select
FNDA:0,(anonymous_1)
FNDA:0,SelectContent
FNDA:0,SelectItem
FNDA:0,SelectTrigger
FNDA:0,SelectValue
DA:4,1
DA:5,1
DA:8,1
DA:9,0
DA:12,1
DA:13,0
DA:16,1
DA:17,0
DA:20,1
DA:21,0
LF:10
LH:6
BRDA:8,0,0,0
BRDA:16,1,0,0
BRDA:21,2,0,0
BRDA:21,2,1,0
BRF:4
BRH:0
end_of_record
TN:
SF:components/ui/tabs.tsx
FN:4,Tabs
FN:8,TabsContent
FN:12,TabsList
FN:16,TabsTrigger
FNF:4
FNH:1
FNDA:1,Tabs
FNDA:0,TabsContent
FNDA:0,TabsList
FNDA:0,TabsTrigger
DA:4,1
DA:5,1
DA:8,1
DA:9,0
DA:12,1
DA:13,0
DA:16,1
DA:17,0
LF:8
LH:5
BRDA:4,0,0,1
BRDA:8,1,0,0
BRDA:12,2,0,0
BRDA:16,3,0,0
BRF:4
BRH:1
end_of_record
TN:
SF:components/ui/textarea.tsx
FN:3,Textarea
FNF:1
FNH:1
FNDA:1,Textarea
DA:3,1
DA:4,1
LF:2
LH:2
BRF:0
BRH:0
end_of_record
TN:
SF:lib/config.ts
FN:14,(anonymous_0)
FN:28,validateEnv
FN:29,(anonymous_2)
FNF:3
FNH:2
FNDA:0,(anonymous_0)
FNDA:3,validateEnv
FNDA:21,(anonymous_2)
DA:9,2
DA:11,2
DA:14,0
DA:18,2
DA:28,2
DA:29,3
DA:30,21
DA:35,2
LF:8
LH:7
BRDA:14,0,0,0
BRDA:14,0,1,0
BRF:2
BRH:0
end_of_record
TN:
SF:lib/utils.ts
FN:4,cn
FN:8,formatCurrency
FN:15,formatDate
FN:23,formatDateTime
FN:33,slugify
FN:41,generateApiKey
FN:46,validateEmail
FN:51,truncateText
FN:56,debounce
FN:61,(anonymous_9)
FN:63,(anonymous_10)
FNF:11
FNH:5
FNDA:7,cn
FNDA:3,formatCurrency
FNDA:2,formatDate
FNDA:2,formatDateTime
FNDA:2,slugify
FNDA:0,generateApiKey
FNDA:0,validateEmail
FNDA:0,truncateText
FNDA:0,debounce
FNDA:0,(anonymous_9)
FNDA:0,(anonymous_10)
DA:1,3
DA:2,3
DA:4,3
DA:5,7
DA:8,3
DA:9,3
DA:15,3
DA:16,2
DA:23,3
DA:24,2
DA:33,3
DA:34,2
DA:41,3
DA:42,0
DA:46,3
DA:47,0
DA:48,0
DA:51,3
DA:52,0
DA:53,0
DA:56,3
DA:61,0
DA:62,0
DA:63,0
LF:24
LH:16
BRDA:8,0,0,2
BRDA:52,1,0,0
BRDA:52,1,1,0
BRF:3
BRH:1
end_of_record
TN:
SF:lib/automation/workflow-engine.ts
FN:38,(anonymous_0)
FN:41,(anonymous_1)
FN:68,(anonymous_2)
FN:102,(anonymous_3)
FN:132,(anonymous_4)
FN:153,(anonymous_5)
FN:192,(anonymous_6)
FN:220,(anonymous_7)
FN:232,(anonymous_8)
FN:249,(anonymous_9)
FN:269,(anonymous_10)
FN:277,(anonymous_11)
FN:283,(anonymous_12)
FN:291,(anonymous_13)
FN:303,(anonymous_14)
FNF:15
FNH:0
FNDA:0,(anonymous_0)
FNDA:0,(anonymous_1)
FNDA:0,(anonymous_2)
FNDA:0,(anonymous_3)
FNDA:0,(anonymous_4)
FNDA:0,(anonymous_5)
FNDA:0,(anonymous_6)
FNDA:0,(anonymous_7)
FNDA:0,(anonymous_8)
FNDA:0,(anonymous_9)
FNDA:0,(anonymous_10)
FNDA:0,(anonymous_11)
FNDA:0,(anonymous_12)
FNDA:0,(anonymous_13)
FNDA:0,(anonymous_14)
DA:1,1
DA:2,1
DA:3,0
DA:38,0
DA:39,0
DA:47,0
DA:49,0
DA:56,0
DA:58,0
DA:59,0
DA:60,0
DA:64,0
DA:73,0
DA:75,0
DA:87,0
DA:90,0
DA:93,0
DA:98,0
DA:107,0
DA:109,0
DA:116,0
DA:119,0
DA:121,0
DA:122,0
DA:125,0
DA:131,0
DA:132,0
DA:133,0
DA:136,0
DA:140,0
DA:143,0
DA:154,0
DA:164,0
DA:166,0
DA:168,0
DA:169,0
DA:172,0
DA:173,0
DA:176,0
DA:177,0
DA:180,0
DA:181,0
DA:185,0
DA:188,0
DA:193,0
DA:196,0
DA:202,0
DA:205,0
DA:212,0
DA:221,0
DA:223,0
DA:224,0
DA:226,0
DA:233,0
DA:235,0
DA:241,0
DA:250,0
DA:252,0
DA:259,0
DA:274,0
DA:277,0
DA:278,0
DA:282,0
DA:283,0
DA:284,0
DA:288,0
DA:297,0
DA:300,0
DA:305,0
DA:309,0
LF:70
LH:2
BRDA:56,0,0,0
BRDA:56,0,1,0
BRDA:59,1,0,0
BRDA:59,1,1,0
BRDA:81,2,0,0
BRDA:81,2,1,0
BRDA:87,3,0,0
BRDA:87,3,1,0
BRDA:107,4,0,0
BRDA:107,4,1,0
BRDA:131,5,0,0
BRDA:131,5,1,0
BRDA:131,6,0,0
BRDA:131,6,1,0
BRDA:147,7,0,0
BRDA:147,7,1,0
BRDA:164,8,0,0
BRDA:164,8,1,0
BRDA:166,9,0,0
BRDA:166,9,1,0
BRDA:166,9,2,0
BRDA:166,9,3,0
BRDA:166,9,4,0
BRDA:166,9,5,0
BRDA:202,10,0,0
BRDA:202,10,1,0
BRDA:223,11,0,0
BRDA:223,11,1,0
BRDA:250,12,0,0
BRDA:250,13,0,0
BRDA:278,14,0,0
BRDA:278,14,1,0
BRDA:282,15,0,0
BRDA:282,15,1,0
BRDA:284,16,0,0
BRDA:284,16,1,0
BRDA:297,17,0,0
BRDA:297,17,1,0
BRDA:297,18,0,0
BRDA:297,18,1,0
BRF:40
BRH:0
end_of_record
TN:
SF:lib/email/sender.ts
FN:14,sendEmail
FN:46,addEmailTracking
FN:66,logEmailEvent
FNF:3
FNH:3
FNDA:4,sendEmail
FNDA:4,addEmailTracking
FNDA:2,logEmailEvent
DA:1,1
DA:2,1
DA:4,1
DA:14,1
DA:21,4
DA:23,4
DA:25,4
DA:32,4
DA:35,3
DA:36,2
DA:39,3
DA:41,1
DA:42,1
DA:47,4
DA:50,2
DA:53,2
DA:58,2
DA:63,2
DA:72,2
DA:74,2
LF:20
LH:20
BRDA:32,0,0,1
BRDA:32,0,1,3
BRDA:35,1,0,2
BRDA:35,1,1,1
BRDA:35,2,0,3
BRDA:35,2,1,2
BRDA:47,3,0,2
BRDA:47,3,1,2
BRDA:47,4,0,4
BRDA:47,4,1,2
BRF:10
BRH:10
end_of_record
TN:
SF:lib/queue/email-queue.ts
FN:24,(anonymous_0)
FN:45,(anonymous_1)
FN:88,(anonymous_2)
FN:92,(anonymous_3)
FNF:4
FNH:0
FNDA:0,(anonymous_0)
FNDA:0,(anonymous_1)
FNDA:0,(anonymous_2)
FNDA:0,(anonymous_3)
DA:1,1
DA:2,0
DA:3,0
DA:4,0
DA:6,0
DA:8,0
DA:22,0
DA:25,0
DA:27,0
DA:28,0
DA:31,0
DA:42,0
DA:45,0
DA:46,0
DA:47,0
DA:56,0
DA:61,0
DA:62,0
DA:66,0
DA:69,0
DA:78,0
DA:79,0
DA:88,0
DA:89,0
DA:92,0
DA:93,0
DA:96,0
LF:27
LH:1
BRDA:42,0,0,0
BRDA:42,0,1,0
BRF:2
BRH:0
end_of_record
TN:
SF:lib/queue/social-queue.ts
FN:24,(anonymous_0)
FN:60,(anonymous_1)
FN:64,(anonymous_2)
FNF:3
FNH:0
FNDA:0,(anonymous_0)
FNDA:0,(anonymous_1)
FNDA:0,(anonymous_2)
DA:1,0
DA:2,0
DA:3,0
DA:4,0
DA:6,0
DA:8,0
DA:22,0
DA:25,0
DA:27,0
DA:28,0
DA:30,0
DA:32,0
DA:41,0
DA:43,0
DA:44,0
DA:46,0
DA:50,0
DA:51,0
DA:60,0
DA:61,0
DA:64,0
DA:65,0
DA:68,0
LF:23
LH:0
BRDA:30,0,0,0
BRDA:30,0,1,0
BRDA:41,1,0,0
BRDA:41,1,1,0
BRDA:44,2,0,0
BRDA:44,2,1,0
BRF:6
BRH:0
end_of_record
TN:
SF:lib/social/createAdminClient.ts
FN:2,createAdminClient
FN:4,(anonymous_1)
FN:5,(anonymous_2)
FN:6,(anonymous_3)
FN:7,(anonymous_4)
FN:10,(anonymous_5)
FN:10,(anonymous_6)
FNF:7
FNH:0
FNDA:0,createAdminClient
FNDA:0,(anonymous_1)
FNDA:0,(anonymous_2)
FNDA:0,(anonymous_3)
FNDA:0,(anonymous_4)
FNDA:0,(anonymous_5)
FNDA:0,(anonymous_6)
DA:2,2
DA:3,0
DA:4,0
DA:5,0
DA:6,0
DA:7,0
DA:10,0
LF:7
LH:1
BRF:0
BRH:0
end_of_record
TN:
SF:lib/social/publisher.ts
FN:18,publishToSocialPlatforms
FNF:1
FNH:0
FNDA:0,publishToSocialPlatforms
DA:1,1
DA:2,1
DA:3,1
DA:4,1
DA:5,1
DA:18,1
DA:19,0
DA:21,0
DA:24,0
DA:26,0
DA:27,0
DA:29,0
DA:30,0
DA:32,0
DA:33,0
DA:35,0
DA:36,0
DA:38,0
DA:42,0
DA:43,0
DA:52,0
DA:54,0
DA:57,0
DA:58,0
DA:63,0
LF:25
LH:6
BRDA:24,0,0,0
BRDA:24,0,1,0
BRDA:24,0,2,0
BRDA:24,0,3,0
BRDA:24,0,4,0
BRF:5
BRH:0
end_of_record
TN:
SF:lib/social/platforms/facebook.ts
FN:2,(anonymous_0)
FN:17,(anonymous_1)
FN:42,(anonymous_2)
FNF:3
FNH:0
FNDA:0,(anonymous_0)
FNDA:0,(anonymous_1)
FNDA:0,(anonymous_2)
DA:1,2
DA:3,0
DA:5,0
DA:11,0
DA:12,0
DA:14,0
DA:17,0
DA:23,0
DA:34,0
DA:35,0
DA:36,0
DA:39,0
DA:43,0
DA:47,0
DA:48,0
DA:51,0
LF:16
LH:1
BRDA:11,0,0,0
BRDA:11,0,1,0
BRDA:11,1,0,0
BRDA:11,1,1,0
BRDA:12,2,0,0
BRDA:12,2,1,0
BRDA:34,3,0,0
BRDA:34,3,1,0
BRDA:36,4,0,0
BRDA:36,4,1,0
BRDA:47,5,0,0
BRDA:47,5,1,0
BRF:12
BRH:0
end_of_record
TN:
SF:lib/social/platforms/instagram.ts
FN:2,(anonymous_0)
FN:3,(anonymous_1)
FNF:2
FNH:0
FNDA:0,(anonymous_0)
FNDA:0,(anonymous_1)
DA:1,1
DA:2,0
DA:3,0
LF:3
LH:1
BRF:0
BRH:0
end_of_record
TN:
SF:lib/social/platforms/linkedin.ts
FN:2,(anonymous_0)
FN:3,(anonymous_1)
FNF:2
FNH:0
FNDA:0,(anonymous_0)
FNDA:0,(anonymous_1)
DA:1,1
DA:2,0
DA:3,0
LF:3
LH:1
BRF:0
BRH:0
end_of_record
TN:
SF:lib/social/platforms/twitter.ts
FN:2,(anonymous_0)
FN:3,(anonymous_1)
FNF:2
FNH:0
FNDA:0,(anonymous_0)
FNDA:0,(anonymous_1)
DA:1,1
DA:2,0
DA:3,0
LF:3
LH:1
BRF:0
BRH:0
end_of_record
TN:
SF:lib/stripe/config.ts
FNF:0
FNH:0
DA:2,1
DA:3,1
DA:7,1
LF:3
LH:3
BRF:0
BRH:0
end_of_record
TN:
SF:lib/supabase/auth.ts
FN:4,(anonymous_0)
FN:7,(anonymous_1)
FN:54,(anonymous_2)
FN:64,(anonymous_3)
FN:69,(anonymous_4)
FN:74,(anonymous_5)
FNF:6
FNH:1
FNDA:1,(anonymous_0)
FNDA:0,(anonymous_1)
FNDA:0,(anonymous_2)
FNDA:0,(anonymous_3)
FNDA:0,(anonymous_4)
FNDA:0,(anonymous_5)
DA:1,1
DA:4,1
DA:5,1
DA:8,0
DA:10,0
DA:18,0
DA:21,0
DA:22,0
DA:31,0
DA:34,0
DA:35,0
DA:44,0
DA:47,0
DA:49,0
DA:50,0
DA:55,0
DA:60,0
DA:61,0
DA:65,0
DA:66,0
DA:70,0
DA:71,0
DA:75,0
DA:84,0
DA:85,0
DA:89,1
LF:26
LH:4
BRDA:18,0,0,0
BRDA:18,0,1,0
BRDA:31,1,0,0
BRDA:31,1,1,0
BRDA:34,2,0,0
BRDA:34,2,1,0
BRDA:44,3,0,0
BRDA:44,3,1,0
BRDA:60,4,0,0
BRDA:60,4,1,0
BRDA:66,5,0,0
BRDA:66,5,1,0
BRDA:84,6,0,0
BRDA:84,6,1,0
BRF:14
BRH:0
end_of_record
TN:
SF:lib/supabase/client.ts
FN:7,(anonymous_0)
FN:10,(anonymous_1)
FN:12,(anonymous_2)
FN:18,(anonymous_3)
FNF:4
FNH:0
FNDA:0,(anonymous_0)
FNDA:0,(anonymous_1)
FNDA:0,(anonymous_2)
FNDA:0,(anonymous_3)
DA:1,0
DA:2,0
DA:3,0
DA:7,0
DA:10,0
DA:11,0
DA:12,0
DA:18,0
DA:19,0
LF:9
LH:0
BRF:0
BRH:0
end_of_record
TN:
SF:lib/supabase/server.ts
FN:2,createServerClient
FNF:1
FNH:0
FNDA:0,createServerClient
DA:2,0
LF:1
LH:0
BRF:0
BRH:0
end_of_record
